{"/Users/ericanderson/cse186/Assignment8/frontend/src/App.jsx": {"path":"/Users/ericanderson/cse186/Assignment8/frontend/src/App.jsx","all":false,"statementMap":{"11":{"start":{"line":12,"column":0},"end":{"line":12,"column":39}},"12":{"start":{"line":13,"column":0},"end":{"line":13,"column":72}},"13":{"start":{"line":14,"column":0},"end":{"line":14,"column":47}},"14":{"start":{"line":15,"column":0},"end":{"line":15,"column":61}},"20":{"start":{"line":21,"column":0},"end":{"line":21,"column":16}},"21":{"start":{"line":22,"column":0},"end":{"line":22,"column":10}},"22":{"start":{"line":23,"column":0},"end":{"line":23,"column":12}},"23":{"start":{"line":24,"column":0},"end":{"line":24,"column":25}},"24":{"start":{"line":25,"column":0},"end":{"line":25,"column":16}},"25":{"start":{"line":26,"column":0},"end":{"line":26,"column":48}},"26":{"start":{"line":27,"column":0},"end":{"line":27,"column":61}},"27":{"start":{"line":28,"column":0},"end":{"line":28,"column":17}},"28":{"start":{"line":29,"column":0},"end":{"line":29,"column":26}},"29":{"start":{"line":30,"column":0},"end":{"line":30,"column":13}},"31":{"start":{"line":32,"column":0},"end":{"line":32,"column":1}},"33":{"start":{"line":34,"column":0},"end":{"line":34,"column":19}}},"s":{"11":1,"12":1,"13":1,"14":1,"20":9,"21":9,"22":9,"23":9,"24":9,"25":9,"26":9,"27":9,"28":9,"29":9,"31":9,"33":1},"branchMap":{"0":{"type":"branch","line":21,"loc":{"start":{"line":21,"column":0},"end":{"line":32,"column":1}},"locations":[{"start":{"line":21,"column":0},"end":{"line":32,"column":1}}]}},"b":{"0":[9]},"fnMap":{"0":{"name":"App","decl":{"start":{"line":21,"column":0},"end":{"line":32,"column":1}},"loc":{"start":{"line":21,"column":0},"end":{"line":32,"column":1}},"line":21}},"f":{"0":9}}
,"/Users/ericanderson/cse186/Assignment8/frontend/src/components/Channels.jsx": {"path":"/Users/ericanderson/cse186/Assignment8/frontend/src/components/Channels.jsx","all":false,"statementMap":{"6":{"start":{"line":7,"column":0},"end":{"line":7,"column":42}},"7":{"start":{"line":8,"column":0},"end":{"line":8,"column":8}},"14":{"start":{"line":15,"column":0},"end":{"line":15,"column":60}},"15":{"start":{"line":16,"column":0},"end":{"line":16,"column":60}},"16":{"start":{"line":17,"column":0},"end":{"line":17,"column":46}},"17":{"start":{"line":18,"column":0},"end":{"line":18,"column":52}},"18":{"start":{"line":19,"column":0},"end":{"line":19,"column":44}},"19":{"start":{"line":20,"column":0},"end":{"line":20,"column":57}},"20":{"start":{"line":21,"column":0},"end":{"line":21,"column":50}},"23":{"start":{"line":24,"column":0},"end":{"line":24,"column":49}},"24":{"start":{"line":25,"column":0},"end":{"line":25,"column":20}},"25":{"start":{"line":26,"column":0},"end":{"line":26,"column":25}},"26":{"start":{"line":27,"column":0},"end":{"line":27,"column":24}},"27":{"start":{"line":28,"column":0},"end":{"line":28,"column":22}},"28":{"start":{"line":29,"column":0},"end":{"line":29,"column":14}},"29":{"start":{"line":30,"column":0},"end":{"line":30,"column":48}},"30":{"start":{"line":31,"column":0},"end":{"line":31,"column":4}},"31":{"start":{"line":32,"column":0},"end":{"line":32,"column":4}},"33":{"start":{"line":34,"column":0},"end":{"line":34,"column":62}},"34":{"start":{"line":35,"column":0},"end":{"line":35,"column":33}},"35":{"start":{"line":36,"column":0},"end":{"line":36,"column":22}},"36":{"start":{"line":37,"column":0},"end":{"line":37,"column":78}},"37":{"start":{"line":38,"column":0},"end":{"line":38,"column":26}},"38":{"start":{"line":39,"column":0},"end":{"line":39,"column":71}},"39":{"start":{"line":40,"column":0},"end":{"line":40,"column":14}},"40":{"start":{"line":41,"column":0},"end":{"line":41,"column":48}},"41":{"start":{"line":42,"column":0},"end":{"line":42,"column":4}},"42":{"start":{"line":43,"column":0},"end":{"line":43,"column":4}},"44":{"start":{"line":45,"column":0},"end":{"line":45,"column":48}},"45":{"start":{"line":46,"column":0},"end":{"line":46,"column":33}},"46":{"start":{"line":47,"column":0},"end":{"line":47,"column":22}},"47":{"start":{"line":48,"column":0},"end":{"line":48,"column":40}},"48":{"start":{"line":49,"column":0},"end":{"line":49,"column":14}},"49":{"start":{"line":50,"column":0},"end":{"line":50,"column":48}},"50":{"start":{"line":51,"column":0},"end":{"line":51,"column":38}},"51":{"start":{"line":52,"column":0},"end":{"line":52,"column":4}},"52":{"start":{"line":53,"column":0},"end":{"line":53,"column":4}},"54":{"start":{"line":55,"column":0},"end":{"line":55,"column":56}},"55":{"start":{"line":56,"column":0},"end":{"line":56,"column":26}},"56":{"start":{"line":57,"column":0},"end":{"line":57,"column":12}},"57":{"start":{"line":58,"column":0},"end":{"line":58,"column":13}},"58":{"start":{"line":59,"column":0},"end":{"line":59,"column":22}},"59":{"start":{"line":60,"column":0},"end":{"line":60,"column":54}},"60":{"start":{"line":61,"column":0},"end":{"line":61,"column":32}},"61":{"start":{"line":62,"column":0},"end":{"line":62,"column":23}},"62":{"start":{"line":63,"column":0},"end":{"line":63,"column":12}},"63":{"start":{"line":64,"column":0},"end":{"line":64,"column":11}},"64":{"start":{"line":65,"column":0},"end":{"line":65,"column":4}},"70":{"start":{"line":71,"column":0},"end":{"line":71,"column":36}},"72":{"start":{"line":73,"column":0},"end":{"line":73,"column":57}},"73":{"start":{"line":74,"column":0},"end":{"line":74,"column":69}},"76":{"start":{"line":77,"column":0},"end":{"line":77,"column":63}},"77":{"start":{"line":78,"column":0},"end":{"line":78,"column":53}},"80":{"start":{"line":81,"column":0},"end":{"line":81,"column":47}},"81":{"start":{"line":82,"column":0},"end":{"line":82,"column":41}},"84":{"start":{"line":85,"column":0},"end":{"line":85,"column":71}},"85":{"start":{"line":86,"column":0},"end":{"line":86,"column":61}},"88":{"start":{"line":89,"column":0},"end":{"line":89,"column":64}},"91":{"start":{"line":92,"column":0},"end":{"line":92,"column":57}},"93":{"start":{"line":94,"column":0},"end":{"line":94,"column":34}},"94":{"start":{"line":95,"column":0},"end":{"line":95,"column":34}},"96":{"start":{"line":97,"column":0},"end":{"line":97,"column":33}},"97":{"start":{"line":98,"column":0},"end":{"line":98,"column":78}},"98":{"start":{"line":99,"column":0},"end":{"line":99,"column":20}},"99":{"start":{"line":100,"column":0},"end":{"line":100,"column":71}},"100":{"start":{"line":101,"column":0},"end":{"line":101,"column":12}},"101":{"start":{"line":102,"column":0},"end":{"line":102,"column":11}},"103":{"start":{"line":104,"column":0},"end":{"line":104,"column":39}},"104":{"start":{"line":105,"column":0},"end":{"line":105,"column":19}},"105":{"start":{"line":106,"column":0},"end":{"line":106,"column":4}},"108":{"start":{"line":109,"column":0},"end":{"line":109,"column":19}},"109":{"start":{"line":110,"column":0},"end":{"line":110,"column":39}},"110":{"start":{"line":111,"column":0},"end":{"line":111,"column":36}},"112":{"start":{"line":113,"column":0},"end":{"line":113,"column":35}},"113":{"start":{"line":114,"column":0},"end":{"line":114,"column":83}},"114":{"start":{"line":115,"column":0},"end":{"line":115,"column":22}},"115":{"start":{"line":116,"column":0},"end":{"line":116,"column":73}},"116":{"start":{"line":117,"column":0},"end":{"line":117,"column":14}},"117":{"start":{"line":118,"column":0},"end":{"line":118,"column":13}},"120":{"start":{"line":121,"column":0},"end":{"line":121,"column":41}},"121":{"start":{"line":122,"column":0},"end":{"line":122,"column":24}},"124":{"start":{"line":125,"column":0},"end":{"line":125,"column":56}},"125":{"start":{"line":126,"column":0},"end":{"line":126,"column":39}},"126":{"start":{"line":127,"column":0},"end":{"line":127,"column":40}},"127":{"start":{"line":128,"column":0},"end":{"line":128,"column":7}},"128":{"start":{"line":129,"column":0},"end":{"line":129,"column":6}},"130":{"start":{"line":131,"column":0},"end":{"line":131,"column":20}},"131":{"start":{"line":132,"column":0},"end":{"line":132,"column":17}},"132":{"start":{"line":133,"column":0},"end":{"line":133,"column":42}},"135":{"start":{"line":136,"column":0},"end":{"line":136,"column":19}},"136":{"start":{"line":137,"column":0},"end":{"line":137,"column":26}},"137":{"start":{"line":138,"column":0},"end":{"line":138,"column":73}},"138":{"start":{"line":139,"column":0},"end":{"line":139,"column":20}},"139":{"start":{"line":140,"column":0},"end":{"line":140,"column":40}},"141":{"start":{"line":142,"column":0},"end":{"line":142,"column":28}},"142":{"start":{"line":143,"column":0},"end":{"line":143,"column":32}},"143":{"start":{"line":144,"column":0},"end":{"line":144,"column":7}},"144":{"start":{"line":145,"column":0},"end":{"line":145,"column":5}},"145":{"start":{"line":146,"column":0},"end":{"line":146,"column":34}},"148":{"start":{"line":149,"column":0},"end":{"line":149,"column":19}},"149":{"start":{"line":150,"column":0},"end":{"line":150,"column":21}},"150":{"start":{"line":151,"column":0},"end":{"line":151,"column":64}},"151":{"start":{"line":152,"column":0},"end":{"line":152,"column":15}},"152":{"start":{"line":153,"column":0},"end":{"line":153,"column":30}},"154":{"start":{"line":155,"column":0},"end":{"line":155,"column":33}},"155":{"start":{"line":156,"column":0},"end":{"line":156,"column":37}},"156":{"start":{"line":157,"column":0},"end":{"line":157,"column":7}},"157":{"start":{"line":158,"column":0},"end":{"line":158,"column":5}},"158":{"start":{"line":159,"column":0},"end":{"line":159,"column":26}},"161":{"start":{"line":162,"column":0},"end":{"line":162,"column":46}},"162":{"start":{"line":163,"column":0},"end":{"line":163,"column":34}},"163":{"start":{"line":164,"column":0},"end":{"line":164,"column":43}},"164":{"start":{"line":165,"column":0},"end":{"line":165,"column":65}},"165":{"start":{"line":166,"column":0},"end":{"line":166,"column":4}},"168":{"start":{"line":169,"column":0},"end":{"line":169,"column":36}},"169":{"start":{"line":170,"column":0},"end":{"line":170,"column":24}},"170":{"start":{"line":171,"column":0},"end":{"line":171,"column":53}},"171":{"start":{"line":172,"column":0},"end":{"line":172,"column":65}},"172":{"start":{"line":173,"column":0},"end":{"line":173,"column":4}},"175":{"start":{"line":176,"column":0},"end":{"line":176,"column":38}},"176":{"start":{"line":177,"column":0},"end":{"line":177,"column":30}},"177":{"start":{"line":178,"column":0},"end":{"line":178,"column":4}},"180":{"start":{"line":181,"column":0},"end":{"line":181,"column":67}},"181":{"start":{"line":182,"column":0},"end":{"line":182,"column":12}},"182":{"start":{"line":183,"column":0},"end":{"line":183,"column":18}},"183":{"start":{"line":184,"column":0},"end":{"line":184,"column":51}},"184":{"start":{"line":185,"column":0},"end":{"line":185,"column":55}},"185":{"start":{"line":186,"column":0},"end":{"line":186,"column":41}},"186":{"start":{"line":187,"column":0},"end":{"line":187,"column":45}},"187":{"start":{"line":188,"column":0},"end":{"line":188,"column":37}},"188":{"start":{"line":189,"column":0},"end":{"line":189,"column":8}},"190":{"start":{"line":191,"column":0},"end":{"line":191,"column":3}},"193":{"start":{"line":194,"column":0},"end":{"line":194,"column":10}},"194":{"start":{"line":195,"column":0},"end":{"line":195,"column":8}},"195":{"start":{"line":196,"column":0},"end":{"line":196,"column":11}},"196":{"start":{"line":197,"column":0},"end":{"line":197,"column":22}},"197":{"start":{"line":198,"column":0},"end":{"line":198,"column":23}},"198":{"start":{"line":199,"column":0},"end":{"line":199,"column":36}},"199":{"start":{"line":200,"column":0},"end":{"line":200,"column":25}},"200":{"start":{"line":201,"column":0},"end":{"line":201,"column":19}},"201":{"start":{"line":202,"column":0},"end":{"line":202,"column":18}},"202":{"start":{"line":203,"column":0},"end":{"line":203,"column":32}},"203":{"start":{"line":204,"column":0},"end":{"line":204,"column":8}},"206":{"start":{"line":207,"column":0},"end":{"line":207,"column":68}},"207":{"start":{"line":208,"column":0},"end":{"line":208,"column":64}},"208":{"start":{"line":209,"column":0},"end":{"line":209,"column":71}},"210":{"start":{"line":211,"column":0},"end":{"line":211,"column":21}},"211":{"start":{"line":212,"column":0},"end":{"line":212,"column":22}},"213":{"start":{"line":214,"column":0},"end":{"line":214,"column":63}},"214":{"start":{"line":215,"column":0},"end":{"line":215,"column":74}},"215":{"start":{"line":216,"column":0},"end":{"line":216,"column":34}},"216":{"start":{"line":217,"column":0},"end":{"line":217,"column":39}},"217":{"start":{"line":218,"column":0},"end":{"line":218,"column":26}},"218":{"start":{"line":219,"column":0},"end":{"line":219,"column":32}},"219":{"start":{"line":220,"column":0},"end":{"line":220,"column":57}},"220":{"start":{"line":221,"column":0},"end":{"line":221,"column":63}},"222":{"start":{"line":223,"column":0},"end":{"line":223,"column":43}},"223":{"start":{"line":224,"column":0},"end":{"line":224,"column":67}},"224":{"start":{"line":225,"column":0},"end":{"line":225,"column":38}},"225":{"start":{"line":226,"column":0},"end":{"line":226,"column":34}},"226":{"start":{"line":227,"column":0},"end":{"line":227,"column":29}},"227":{"start":{"line":228,"column":0},"end":{"line":228,"column":28}},"228":{"start":{"line":229,"column":0},"end":{"line":229,"column":14}},"229":{"start":{"line":230,"column":0},"end":{"line":230,"column":34}},"230":{"start":{"line":231,"column":0},"end":{"line":231,"column":35}},"231":{"start":{"line":232,"column":0},"end":{"line":232,"column":65}},"233":{"start":{"line":234,"column":0},"end":{"line":234,"column":27}},"234":{"start":{"line":235,"column":0},"end":{"line":235,"column":23}},"236":{"start":{"line":237,"column":0},"end":{"line":237,"column":35}},"237":{"start":{"line":238,"column":0},"end":{"line":238,"column":65}},"239":{"start":{"line":240,"column":0},"end":{"line":240,"column":27}},"240":{"start":{"line":241,"column":0},"end":{"line":241,"column":23}},"243":{"start":{"line":244,"column":0},"end":{"line":244,"column":32}},"244":{"start":{"line":245,"column":0},"end":{"line":245,"column":21}},"245":{"start":{"line":246,"column":0},"end":{"line":246,"column":38}},"246":{"start":{"line":247,"column":0},"end":{"line":247,"column":42}},"248":{"start":{"line":249,"column":0},"end":{"line":249,"column":27}},"249":{"start":{"line":250,"column":0},"end":{"line":250,"column":22}},"251":{"start":{"line":252,"column":0},"end":{"line":252,"column":15}},"252":{"start":{"line":253,"column":0},"end":{"line":253,"column":17}},"255":{"start":{"line":256,"column":0},"end":{"line":256,"column":20}},"256":{"start":{"line":257,"column":0},"end":{"line":257,"column":66}},"258":{"start":{"line":259,"column":0},"end":{"line":259,"column":70}},"259":{"start":{"line":260,"column":0},"end":{"line":260,"column":71}},"261":{"start":{"line":262,"column":0},"end":{"line":262,"column":21}},"262":{"start":{"line":263,"column":0},"end":{"line":263,"column":22}},"264":{"start":{"line":265,"column":0},"end":{"line":265,"column":69}},"265":{"start":{"line":266,"column":0},"end":{"line":266,"column":74}},"266":{"start":{"line":267,"column":0},"end":{"line":267,"column":30}},"267":{"start":{"line":268,"column":0},"end":{"line":268,"column":24}},"268":{"start":{"line":269,"column":0},"end":{"line":269,"column":25}},"269":{"start":{"line":270,"column":0},"end":{"line":270,"column":45}},"270":{"start":{"line":271,"column":0},"end":{"line":271,"column":51}},"272":{"start":{"line":273,"column":0},"end":{"line":273,"column":38}},"273":{"start":{"line":274,"column":0},"end":{"line":274,"column":58}},"274":{"start":{"line":275,"column":0},"end":{"line":275,"column":47}},"275":{"start":{"line":276,"column":0},"end":{"line":276,"column":48}},"276":{"start":{"line":277,"column":0},"end":{"line":277,"column":20}},"277":{"start":{"line":278,"column":0},"end":{"line":278,"column":41}},"278":{"start":{"line":279,"column":0},"end":{"line":279,"column":62}},"279":{"start":{"line":280,"column":0},"end":{"line":280,"column":37}},"280":{"start":{"line":281,"column":0},"end":{"line":281,"column":66}},"281":{"start":{"line":282,"column":0},"end":{"line":282,"column":27}},"282":{"start":{"line":283,"column":0},"end":{"line":283,"column":26}},"283":{"start":{"line":284,"column":0},"end":{"line":284,"column":13}},"285":{"start":{"line":286,"column":0},"end":{"line":286,"column":19}},"286":{"start":{"line":287,"column":0},"end":{"line":287,"column":36}},"287":{"start":{"line":288,"column":0},"end":{"line":288,"column":40}},"289":{"start":{"line":290,"column":0},"end":{"line":290,"column":25}},"290":{"start":{"line":291,"column":0},"end":{"line":291,"column":20}},"291":{"start":{"line":292,"column":0},"end":{"line":292,"column":15}},"292":{"start":{"line":293,"column":0},"end":{"line":293,"column":17}},"293":{"start":{"line":294,"column":0},"end":{"line":294,"column":10}},"295":{"start":{"line":296,"column":0},"end":{"line":296,"column":1}}},"s":{"6":1,"7":1,"14":1,"15":1,"16":1,"17":1,"18":1,"19":1,"20":1,"23":1,"24":34,"25":34,"26":34,"27":34,"28":34,"29":34,"30":34,"31":1,"33":1,"34":36,"35":36,"36":36,"37":36,"38":36,"39":36,"40":36,"41":36,"42":1,"44":1,"45":30,"46":30,"47":30,"48":30,"49":30,"50":30,"51":30,"52":1,"54":1,"55":18,"56":18,"57":18,"58":18,"59":18,"60":18,"61":18,"62":18,"63":18,"64":1,"70":19,"72":19,"73":19,"76":19,"77":19,"80":19,"81":19,"84":19,"85":19,"88":19,"91":19,"93":19,"94":9,"96":5,"97":5,"98":5,"99":5,"100":5,"101":5,"103":5,"104":5,"105":9,"108":19,"109":9,"110":9,"112":5,"113":5,"114":5,"115":5,"116":5,"117":5,"120":5,"121":5,"124":9,"125":2,"126":2,"127":2,"128":9,"130":9,"131":9,"132":19,"135":19,"136":9,"137":4,"138":4,"139":4,"141":4,"142":4,"143":4,"144":4,"145":19,"148":19,"149":9,"150":0,"151":0,"152":0,"154":0,"155":0,"156":0,"157":0,"158":19,"161":19,"162":1,"163":1,"164":1,"165":1,"168":19,"169":0,"170":0,"171":0,"172":0,"175":19,"176":0,"177":0,"180":19,"181":1,"182":1,"183":1,"184":1,"185":1,"186":1,"187":1,"188":1,"190":1,"193":18,"194":18,"195":18,"196":18,"197":18,"198":18,"199":18,"200":18,"201":18,"202":18,"203":18,"206":18,"207":19,"208":19,"210":19,"211":19,"213":19,"214":19,"215":19,"216":10,"217":20,"218":20,"219":20,"220":20,"222":20,"223":20,"224":20,"225":20,"226":20,"227":20,"228":10,"229":8,"230":4,"231":4,"233":4,"234":4,"236":4,"237":4,"239":4,"240":4,"243":19,"244":14,"245":14,"246":14,"248":14,"249":14,"251":19,"252":19,"255":19,"256":19,"258":19,"259":19,"261":19,"262":19,"264":19,"265":19,"266":19,"267":20,"268":20,"269":20,"270":20,"272":20,"273":20,"274":20,"275":20,"276":20,"277":20,"278":20,"279":20,"280":20,"281":20,"282":20,"283":19,"285":19,"286":19,"287":19,"289":19,"290":19,"291":19,"292":19,"293":19,"295":19},"branchMap":{"0":{"type":"branch","line":24,"loc":{"start":{"line":24,"column":34},"end":{"line":32,"column":2}},"locations":[{"start":{"line":24,"column":34},"end":{"line":32,"column":2}}]},"1":{"type":"branch","line":34,"loc":{"start":{"line":34,"column":37},"end":{"line":43,"column":2}},"locations":[{"start":{"line":34,"column":37},"end":{"line":43,"column":2}}]},"2":{"type":"branch","line":37,"loc":{"start":{"line":37,"column":21},"end":{"line":37,"column":64}},"locations":[{"start":{"line":37,"column":21},"end":{"line":37,"column":64}}]},"3":{"type":"branch","line":37,"loc":{"start":{"line":37,"column":53},"end":{"line":37,"column":78}},"locations":[{"start":{"line":37,"column":53},"end":{"line":37,"column":78}}]},"4":{"type":"branch","line":38,"loc":{"start":{"line":38,"column":16},"end":{"line":39,"column":47}},"locations":[{"start":{"line":38,"column":16},"end":{"line":39,"column":47}}]},"5":{"type":"branch","line":39,"loc":{"start":{"line":39,"column":42},"end":{"line":39,"column":71}},"locations":[{"start":{"line":39,"column":42},"end":{"line":39,"column":71}}]},"6":{"type":"branch","line":45,"loc":{"start":{"line":45,"column":33},"end":{"line":53,"column":2}},"locations":[{"start":{"line":45,"column":33},"end":{"line":53,"column":2}}]},"7":{"type":"branch","line":55,"loc":{"start":{"line":55,"column":33},"end":{"line":65,"column":2}},"locations":[{"start":{"line":55,"column":33},"end":{"line":65,"column":2}}]},"8":{"type":"branch","line":60,"loc":{"start":{"line":60,"column":19},"end":{"line":60,"column":40}},"locations":[{"start":{"line":60,"column":19},"end":{"line":60,"column":40}}]},"9":{"type":"branch","line":60,"loc":{"start":{"line":60,"column":28},"end":{"line":60,"column":54}},"locations":[{"start":{"line":60,"column":28},"end":{"line":60,"column":54}}]},"10":{"type":"branch","line":71,"loc":{"start":{"line":71,"column":0},"end":{"line":296,"column":1}},"locations":[{"start":{"line":71,"column":0},"end":{"line":296,"column":1}}]},"11":{"type":"branch","line":181,"loc":{"start":{"line":181,"column":6},"end":{"line":181,"column":66}},"locations":[{"start":{"line":181,"column":6},"end":{"line":181,"column":66}}]},"12":{"type":"branch","line":181,"loc":{"start":{"line":181,"column":26},"end":{"line":181,"column":66}},"locations":[{"start":{"line":181,"column":26},"end":{"line":181,"column":66}}]},"13":{"type":"branch","line":181,"loc":{"start":{"line":181,"column":66},"end":{"line":191,"column":3}},"locations":[{"start":{"line":181,"column":66},"end":{"line":191,"column":3}}]},"14":{"type":"branch","line":184,"loc":{"start":{"line":184,"column":40},"end":{"line":184,"column":51}},"locations":[{"start":{"line":184,"column":40},"end":{"line":184,"column":51}}]},"15":{"type":"branch","line":185,"loc":{"start":{"line":185,"column":42},"end":{"line":185,"column":55}},"locations":[{"start":{"line":185,"column":42},"end":{"line":185,"column":55}}]},"16":{"type":"branch","line":186,"loc":{"start":{"line":186,"column":14},"end":{"line":186,"column":36}},"locations":[{"start":{"line":186,"column":14},"end":{"line":186,"column":36}}]},"17":{"type":"branch","line":187,"loc":{"start":{"line":187,"column":16},"end":{"line":187,"column":40}},"locations":[{"start":{"line":187,"column":16},"end":{"line":187,"column":40}}]},"18":{"type":"branch","line":191,"loc":{"start":{"line":191,"column":2},"end":{"line":208,"column":24}},"locations":[{"start":{"line":191,"column":2},"end":{"line":208,"column":24}}]},"19":{"type":"branch","line":208,"loc":{"start":{"line":208,"column":9},"end":{"line":208,"column":45}},"locations":[{"start":{"line":208,"column":9},"end":{"line":208,"column":45}}]},"20":{"type":"branch","line":208,"loc":{"start":{"line":208,"column":40},"end":{"line":208,"column":64}},"locations":[{"start":{"line":208,"column":40},"end":{"line":208,"column":64}}]},"21":{"type":"branch","line":216,"loc":{"start":{"line":216,"column":29},"end":{"line":229,"column":14}},"locations":[{"start":{"line":216,"column":29},"end":{"line":229,"column":14}}]},"22":{"type":"branch","line":229,"loc":{"start":{"line":229,"column":13},"end":{"line":241,"column":23}},"locations":[{"start":{"line":229,"column":13},"end":{"line":241,"column":23}}]},"23":{"type":"branch","line":230,"loc":{"start":{"line":230,"column":14},"end":{"line":235,"column":23}},"locations":[{"start":{"line":230,"column":14},"end":{"line":235,"column":23}}]},"24":{"type":"branch","line":235,"loc":{"start":{"line":235,"column":12},"end":{"line":241,"column":23}},"locations":[{"start":{"line":235,"column":12},"end":{"line":241,"column":23}}]},"25":{"type":"branch","line":244,"loc":{"start":{"line":244,"column":11},"end":{"line":250,"column":22}},"locations":[{"start":{"line":244,"column":11},"end":{"line":250,"column":22}}]},"26":{"type":"branch","line":259,"loc":{"start":{"line":259,"column":9},"end":{"line":259,"column":51}},"locations":[{"start":{"line":259,"column":9},"end":{"line":259,"column":51}}]},"27":{"type":"branch","line":259,"loc":{"start":{"line":259,"column":46},"end":{"line":259,"column":70}},"locations":[{"start":{"line":259,"column":46},"end":{"line":259,"column":70}}]},"28":{"type":"branch","line":94,"loc":{"start":{"line":94,"column":21},"end":{"line":106,"column":4}},"locations":[{"start":{"line":94,"column":21},"end":{"line":106,"column":4}}]},"29":{"type":"branch","line":95,"loc":{"start":{"line":95,"column":27},"end":{"line":105,"column":19}},"locations":[{"start":{"line":95,"column":27},"end":{"line":105,"column":19}}]},"30":{"type":"branch","line":95,"loc":{"start":{"line":95,"column":27},"end":{"line":95,"column":34}},"locations":[{"start":{"line":95,"column":27},"end":{"line":95,"column":34}}]},"31":{"type":"branch","line":95,"loc":{"start":{"line":95,"column":27},"end":{"line":105,"column":19}},"locations":[{"start":{"line":95,"column":27},"end":{"line":105,"column":19}}]},"32":{"type":"branch","line":109,"loc":{"start":{"line":109,"column":12},"end":{"line":133,"column":5}},"locations":[{"start":{"line":109,"column":12},"end":{"line":133,"column":5}}]},"33":{"type":"branch","line":110,"loc":{"start":{"line":110,"column":26},"end":{"line":129,"column":6}},"locations":[{"start":{"line":110,"column":26},"end":{"line":129,"column":6}}]},"34":{"type":"branch","line":111,"loc":{"start":{"line":111,"column":29},"end":{"line":125,"column":37}},"locations":[{"start":{"line":111,"column":29},"end":{"line":125,"column":37}}]},"35":{"type":"branch","line":111,"loc":{"start":{"line":111,"column":29},"end":{"line":111,"column":36}},"locations":[{"start":{"line":111,"column":29},"end":{"line":111,"column":36}}]},"36":{"type":"branch","line":111,"loc":{"start":{"line":111,"column":29},"end":{"line":125,"column":37}},"locations":[{"start":{"line":111,"column":29},"end":{"line":125,"column":37}}]},"37":{"type":"branch","line":125,"loc":{"start":{"line":125,"column":32},"end":{"line":125,"column":55}},"locations":[{"start":{"line":125,"column":32},"end":{"line":125,"column":55}}]},"38":{"type":"branch","line":125,"loc":{"start":{"line":125,"column":55},"end":{"line":128,"column":7}},"locations":[{"start":{"line":125,"column":55},"end":{"line":128,"column":7}}]},"39":{"type":"branch","line":136,"loc":{"start":{"line":136,"column":12},"end":{"line":146,"column":5}},"locations":[{"start":{"line":136,"column":12},"end":{"line":146,"column":5}}]},"40":{"type":"branch","line":137,"loc":{"start":{"line":137,"column":25},"end":{"line":145,"column":5}},"locations":[{"start":{"line":137,"column":25},"end":{"line":145,"column":5}}]},"41":{"type":"branch","line":138,"loc":{"start":{"line":138,"column":36},"end":{"line":138,"column":71}},"locations":[{"start":{"line":138,"column":36},"end":{"line":138,"column":71}}]},"42":{"type":"branch","line":149,"loc":{"start":{"line":149,"column":12},"end":{"line":159,"column":5}},"locations":[{"start":{"line":149,"column":12},"end":{"line":159,"column":5}}]},"43":{"type":"branch","line":150,"loc":{"start":{"line":150,"column":20},"end":{"line":158,"column":5}},"locations":[{"start":{"line":150,"column":20},"end":{"line":158,"column":5}}]},"44":{"type":"branch","line":162,"loc":{"start":{"line":162,"column":30},"end":{"line":166,"column":4}},"locations":[{"start":{"line":162,"column":30},"end":{"line":166,"column":4}}]},"45":{"type":"branch","line":207,"loc":{"start":{"line":207,"column":30},"end":{"line":207,"column":68}},"locations":[{"start":{"line":207,"column":30},"end":{"line":207,"column":68}}]},"46":{"type":"branch","line":217,"loc":{"start":{"line":217,"column":25},"end":{"line":228,"column":28}},"locations":[{"start":{"line":217,"column":25},"end":{"line":228,"column":28}}]},"47":{"type":"branch","line":224,"loc":{"start":{"line":224,"column":63},"end":{"line":225,"column":27}},"locations":[{"start":{"line":224,"column":63},"end":{"line":225,"column":27}}]},"48":{"type":"branch","line":225,"loc":{"start":{"line":225,"column":18},"end":{"line":225,"column":35}},"locations":[{"start":{"line":225,"column":18},"end":{"line":225,"column":35}}]},"49":{"type":"branch","line":221,"loc":{"start":{"line":221,"column":25},"end":{"line":221,"column":63}},"locations":[{"start":{"line":221,"column":25},"end":{"line":221,"column":63}}]},"50":{"type":"branch","line":257,"loc":{"start":{"line":257,"column":17},"end":{"line":257,"column":66}},"locations":[{"start":{"line":257,"column":17},"end":{"line":257,"column":66}}]},"51":{"type":"branch","line":267,"loc":{"start":{"line":267,"column":21},"end":{"line":283,"column":26}},"locations":[{"start":{"line":267,"column":21},"end":{"line":283,"column":26}}]},"52":{"type":"branch","line":279,"loc":{"start":{"line":279,"column":58},"end":{"line":280,"column":26}},"locations":[{"start":{"line":279,"column":58},"end":{"line":280,"column":26}}]},"53":{"type":"branch","line":281,"loc":{"start":{"line":281,"column":38},"end":{"line":281,"column":63}},"locations":[{"start":{"line":281,"column":38},"end":{"line":281,"column":63}}]},"54":{"type":"branch","line":281,"loc":{"start":{"line":281,"column":52},"end":{"line":281,"column":66}},"locations":[{"start":{"line":281,"column":52},"end":{"line":281,"column":66}}]}},"b":{"0":[34],"1":[36],"2":[9],"3":[27],"4":[9],"5":[27],"6":[30],"7":[18],"8":[9],"9":[9],"10":[19],"11":[1],"12":[0],"13":[1],"14":[0],"15":[0],"16":[0],"17":[0],"18":[18],"19":[16],"20":[2],"21":[10],"22":[8],"23":[4],"24":[4],"25":[14],"26":[17],"27":[1],"28":[9],"29":[6],"30":[4],"31":[5],"32":[9],"33":[9],"34":[6],"35":[4],"36":[5],"37":[4],"38":[2],"39":[9],"40":[4],"41":[4],"42":[9],"43":[0],"44":[1],"45":[2],"46":[20],"47":[10],"48":[10],"49":[1],"50":[2],"51":[20],"52":[0],"53":[10],"54":[10]},"fnMap":{"0":{"name":"Channels","decl":{"start":{"line":71,"column":0},"end":{"line":296,"column":1}},"loc":{"start":{"line":71,"column":0},"end":{"line":296,"column":1}},"line":71},"1":{"name":"fetchUsers","decl":{"start":{"line":94,"column":21},"end":{"line":106,"column":4}},"loc":{"start":{"line":94,"column":21},"end":{"line":106,"column":4}},"line":94},"2":{"name":"fetchChannels","decl":{"start":{"line":110,"column":26},"end":{"line":129,"column":6}},"loc":{"start":{"line":110,"column":26},"end":{"line":129,"column":6}},"line":110},"3":{"name":"handleSelectChannel","decl":{"start":{"line":162,"column":30},"end":{"line":166,"column":4}},"loc":{"start":{"line":162,"column":30},"end":{"line":166,"column":4}},"line":162},"4":{"name":"handleSelectDM","decl":{"start":{"line":169,"column":25},"end":{"line":173,"column":4}},"loc":{"start":{"line":169,"column":25},"end":{"line":173,"column":4}},"line":169},"5":{"name":"handleBackToChannels","decl":{"start":{"line":176,"column":31},"end":{"line":178,"column":4}},"loc":{"start":{"line":176,"column":31},"end":{"line":178,"column":4}},"line":176},"6":{"name":"onClick","decl":{"start":{"line":207,"column":30},"end":{"line":207,"column":68}},"loc":{"start":{"line":207,"column":30},"end":{"line":207,"column":68}},"line":207},"7":{"name":"onClick","decl":{"start":{"line":221,"column":25},"end":{"line":221,"column":63}},"loc":{"start":{"line":221,"column":25},"end":{"line":221,"column":63}},"line":221},"8":{"name":"onClick","decl":{"start":{"line":257,"column":17},"end":{"line":257,"column":66}},"loc":{"start":{"line":257,"column":17},"end":{"line":257,"column":66}},"line":257},"9":{"name":"onClick","decl":{"start":{"line":271,"column":23},"end":{"line":271,"column":51}},"loc":{"start":{"line":271,"column":23},"end":{"line":271,"column":51}},"line":271}},"f":{"0":19,"1":9,"2":9,"3":1,"4":0,"5":0,"6":2,"7":1,"8":2,"9":0}}
,"/Users/ericanderson/cse186/Assignment8/frontend/src/components/Dashboard.jsx": {"path":"/Users/ericanderson/cse186/Assignment8/frontend/src/components/Dashboard.jsx","all":false,"statementMap":{"0":{"start":{"line":1,"column":0},"end":{"line":1,"column":32}},"1":{"start":{"line":2,"column":0},"end":{"line":2,"column":40}},"2":{"start":{"line":3,"column":0},"end":{"line":3,"column":45}},"3":{"start":{"line":4,"column":0},"end":{"line":4,"column":30}},"4":{"start":{"line":5,"column":0},"end":{"line":5,"column":34}},"5":{"start":{"line":6,"column":0},"end":{"line":6,"column":57}},"10":{"start":{"line":11,"column":0},"end":{"line":11,"column":37}},"12":{"start":{"line":13,"column":0},"end":{"line":13,"column":33}},"13":{"start":{"line":14,"column":0},"end":{"line":14,"column":42}},"14":{"start":{"line":15,"column":0},"end":{"line":15,"column":19}},"16":{"start":{"line":17,"column":0},"end":{"line":17,"column":48}},"18":{"start":{"line":19,"column":0},"end":{"line":19,"column":46}},"19":{"start":{"line":20,"column":0},"end":{"line":20,"column":27}},"20":{"start":{"line":21,"column":0},"end":{"line":21,"column":17}},"22":{"start":{"line":23,"column":0},"end":{"line":23,"column":25}},"23":{"start":{"line":24,"column":0},"end":{"line":24,"column":5}},"24":{"start":{"line":25,"column":0},"end":{"line":25,"column":17}},"26":{"start":{"line":27,"column":0},"end":{"line":27,"column":10}},"27":{"start":{"line":28,"column":0},"end":{"line":28,"column":6}},"28":{"start":{"line":29,"column":0},"end":{"line":29,"column":16}},"29":{"start":{"line":30,"column":0},"end":{"line":30,"column":31}},"43":{"start":{"line":44,"column":0},"end":{"line":44,"column":20}},"44":{"start":{"line":45,"column":0},"end":{"line":45,"column":18}},"45":{"start":{"line":46,"column":0},"end":{"line":46,"column":7}},"47":{"start":{"line":48,"column":0},"end":{"line":48,"column":1}}},"s":{"0":1,"1":1,"2":1,"3":1,"4":1,"5":1,"10":7,"12":7,"13":7,"14":7,"16":4,"18":4,"19":4,"20":4,"22":0,"23":0,"24":7,"26":7,"27":7,"28":7,"29":7,"43":7,"44":7,"45":7,"47":7},"branchMap":{"0":{"type":"branch","line":11,"loc":{"start":{"line":11,"column":0},"end":{"line":48,"column":1}},"locations":[{"start":{"line":11,"column":0},"end":{"line":48,"column":1}}]},"1":{"type":"branch","line":15,"loc":{"start":{"line":15,"column":12},"end":{"line":25,"column":5}},"locations":[{"start":{"line":15,"column":12},"end":{"line":25,"column":5}}]},"2":{"type":"branch","line":21,"loc":{"start":{"line":21,"column":16},"end":{"line":24,"column":5}},"locations":[{"start":{"line":21,"column":16},"end":{"line":24,"column":5}}]}},"b":{"0":[7],"1":[4],"2":[0]},"fnMap":{"0":{"name":"Dashboard","decl":{"start":{"line":11,"column":0},"end":{"line":48,"column":1}},"loc":{"start":{"line":11,"column":0},"end":{"line":48,"column":1}},"line":11}},"f":{"0":7}}
,"/Users/ericanderson/cse186/Assignment8/frontend/src/components/Header.jsx": {"path":"/Users/ericanderson/cse186/Assignment8/frontend/src/components/Header.jsx","all":false,"statementMap":{"0":{"start":{"line":1,"column":0},"end":{"line":1,"column":42}},"1":{"start":{"line":2,"column":0},"end":{"line":2,"column":8}},"11":{"start":{"line":12,"column":0},"end":{"line":12,"column":66}},"12":{"start":{"line":13,"column":0},"end":{"line":13,"column":46}},"13":{"start":{"line":14,"column":0},"end":{"line":14,"column":54}},"14":{"start":{"line":15,"column":0},"end":{"line":15,"column":57}},"19":{"start":{"line":20,"column":0},"end":{"line":20,"column":34}},"20":{"start":{"line":21,"column":0},"end":{"line":21,"column":49}},"21":{"start":{"line":22,"column":0},"end":{"line":22,"column":33}},"22":{"start":{"line":23,"column":0},"end":{"line":23,"column":51}},"23":{"start":{"line":24,"column":0},"end":{"line":24,"column":70}},"24":{"start":{"line":25,"column":0},"end":{"line":25,"column":47}},"26":{"start":{"line":27,"column":0},"end":{"line":27,"column":39}},"27":{"start":{"line":28,"column":0},"end":{"line":28,"column":77}},"28":{"start":{"line":29,"column":0},"end":{"line":29,"column":16}},"29":{"start":{"line":30,"column":0},"end":{"line":30,"column":67}},"30":{"start":{"line":31,"column":0},"end":{"line":31,"column":8}},"31":{"start":{"line":32,"column":0},"end":{"line":32,"column":7}},"32":{"start":{"line":33,"column":0},"end":{"line":33,"column":39}},"33":{"start":{"line":34,"column":0},"end":{"line":34,"column":24}},"34":{"start":{"line":35,"column":0},"end":{"line":35,"column":4}},"36":{"start":{"line":37,"column":0},"end":{"line":37,"column":45}},"37":{"start":{"line":38,"column":0},"end":{"line":38,"column":85}},"38":{"start":{"line":39,"column":0},"end":{"line":39,"column":20}},"39":{"start":{"line":40,"column":0},"end":{"line":40,"column":16}},"40":{"start":{"line":41,"column":0},"end":{"line":41,"column":67}},"41":{"start":{"line":42,"column":0},"end":{"line":42,"column":8}},"42":{"start":{"line":43,"column":0},"end":{"line":43,"column":7}},"43":{"start":{"line":44,"column":0},"end":{"line":44,"column":34}},"45":{"start":{"line":46,"column":0},"end":{"line":46,"column":37}},"46":{"start":{"line":47,"column":0},"end":{"line":47,"column":13}},"47":{"start":{"line":48,"column":0},"end":{"line":48,"column":5}},"49":{"start":{"line":50,"column":0},"end":{"line":50,"column":39}},"52":{"start":{"line":53,"column":0},"end":{"line":53,"column":35}},"53":{"start":{"line":54,"column":0},"end":{"line":54,"column":47}},"54":{"start":{"line":55,"column":0},"end":{"line":55,"column":4}},"56":{"start":{"line":57,"column":0},"end":{"line":57,"column":19}},"57":{"start":{"line":58,"column":0},"end":{"line":58,"column":22}},"58":{"start":{"line":59,"column":0},"end":{"line":59,"column":28}},"59":{"start":{"line":60,"column":0},"end":{"line":60,"column":9}},"62":{"start":{"line":63,"column":0},"end":{"line":63,"column":56}},"64":{"start":{"line":65,"column":0},"end":{"line":65,"column":68}},"65":{"start":{"line":66,"column":0},"end":{"line":66,"column":20}},"66":{"start":{"line":67,"column":0},"end":{"line":67,"column":16}},"67":{"start":{"line":68,"column":0},"end":{"line":68,"column":43}},"68":{"start":{"line":69,"column":0},"end":{"line":69,"column":67}},"69":{"start":{"line":70,"column":0},"end":{"line":70,"column":8}},"70":{"start":{"line":71,"column":0},"end":{"line":71,"column":42}},"71":{"start":{"line":72,"column":0},"end":{"line":72,"column":7}},"74":{"start":{"line":75,"column":0},"end":{"line":75,"column":28}},"75":{"start":{"line":76,"column":0},"end":{"line":76,"column":4}},"77":{"start":{"line":78,"column":0},"end":{"line":78,"column":34}},"78":{"start":{"line":79,"column":0},"end":{"line":79,"column":19}},"79":{"start":{"line":80,"column":0},"end":{"line":80,"column":24}},"80":{"start":{"line":81,"column":0},"end":{"line":81,"column":12}},"81":{"start":{"line":82,"column":0},"end":{"line":82,"column":39}},"82":{"start":{"line":83,"column":0},"end":{"line":83,"column":5}},"83":{"start":{"line":84,"column":0},"end":{"line":84,"column":4}},"85":{"start":{"line":86,"column":0},"end":{"line":86,"column":29}},"86":{"start":{"line":87,"column":0},"end":{"line":87,"column":22}},"87":{"start":{"line":88,"column":0},"end":{"line":88,"column":4}},"90":{"start":{"line":91,"column":0},"end":{"line":91,"column":41}},"91":{"start":{"line":92,"column":0},"end":{"line":92,"column":55}},"93":{"start":{"line":94,"column":0},"end":{"line":94,"column":21}},"94":{"start":{"line":95,"column":0},"end":{"line":95,"column":76}},"95":{"start":{"line":96,"column":0},"end":{"line":96,"column":61}},"96":{"start":{"line":97,"column":0},"end":{"line":97,"column":4}},"98":{"start":{"line":99,"column":0},"end":{"line":99,"column":10}},"99":{"start":{"line":100,"column":0},"end":{"line":100,"column":37}},"100":{"start":{"line":101,"column":0},"end":{"line":101,"column":32}},"101":{"start":{"line":102,"column":0},"end":{"line":102,"column":17}},"102":{"start":{"line":103,"column":0},"end":{"line":103,"column":70}},"103":{"start":{"line":104,"column":0},"end":{"line":104,"column":39}},"104":{"start":{"line":105,"column":0},"end":{"line":105,"column":23}},"105":{"start":{"line":106,"column":0},"end":{"line":106,"column":60}},"106":{"start":{"line":107,"column":0},"end":{"line":107,"column":23}},"107":{"start":{"line":108,"column":0},"end":{"line":108,"column":29}},"108":{"start":{"line":109,"column":0},"end":{"line":109,"column":35}},"109":{"start":{"line":110,"column":0},"end":{"line":110,"column":26}},"110":{"start":{"line":111,"column":0},"end":{"line":111,"column":65}},"111":{"start":{"line":112,"column":0},"end":{"line":112,"column":34}},"112":{"start":{"line":113,"column":0},"end":{"line":113,"column":55}},"113":{"start":{"line":114,"column":0},"end":{"line":114,"column":41}},"115":{"start":{"line":116,"column":0},"end":{"line":116,"column":35}},"116":{"start":{"line":117,"column":0},"end":{"line":117,"column":25}},"117":{"start":{"line":118,"column":0},"end":{"line":118,"column":16}},"118":{"start":{"line":119,"column":0},"end":{"line":119,"column":18}},"119":{"start":{"line":120,"column":0},"end":{"line":120,"column":15}},"122":{"start":{"line":123,"column":0},"end":{"line":123,"column":16}},"123":{"start":{"line":124,"column":0},"end":{"line":124,"column":14}},"124":{"start":{"line":125,"column":0},"end":{"line":125,"column":23}},"125":{"start":{"line":126,"column":0},"end":{"line":126,"column":15}},"126":{"start":{"line":127,"column":0},"end":{"line":127,"column":33}},"127":{"start":{"line":128,"column":0},"end":{"line":128,"column":20}},"128":{"start":{"line":129,"column":0},"end":{"line":129,"column":21}},"129":{"start":{"line":130,"column":0},"end":{"line":130,"column":25}},"130":{"start":{"line":131,"column":0},"end":{"line":131,"column":12}},"132":{"start":{"line":133,"column":0},"end":{"line":133,"column":27}},"133":{"start":{"line":134,"column":0},"end":{"line":134,"column":23}},"134":{"start":{"line":135,"column":0},"end":{"line":135,"column":38}},"135":{"start":{"line":136,"column":0},"end":{"line":136,"column":38}},"136":{"start":{"line":137,"column":0},"end":{"line":137,"column":66}},"137":{"start":{"line":138,"column":0},"end":{"line":138,"column":37}},"138":{"start":{"line":139,"column":0},"end":{"line":139,"column":27}},"139":{"start":{"line":140,"column":0},"end":{"line":140,"column":38}},"140":{"start":{"line":141,"column":0},"end":{"line":141,"column":36}},"141":{"start":{"line":142,"column":0},"end":{"line":142,"column":58}},"142":{"start":{"line":143,"column":0},"end":{"line":143,"column":36}},"143":{"start":{"line":144,"column":0},"end":{"line":144,"column":22}},"144":{"start":{"line":145,"column":0},"end":{"line":145,"column":68}},"145":{"start":{"line":146,"column":0},"end":{"line":146,"column":25}},"146":{"start":{"line":147,"column":0},"end":{"line":147,"column":42}},"147":{"start":{"line":148,"column":0},"end":{"line":148,"column":38}},"148":{"start":{"line":149,"column":0},"end":{"line":149,"column":43}},"149":{"start":{"line":150,"column":0},"end":{"line":150,"column":29}},"150":{"start":{"line":151,"column":0},"end":{"line":151,"column":22}},"152":{"start":{"line":153,"column":0},"end":{"line":153,"column":68}},"153":{"start":{"line":154,"column":0},"end":{"line":154,"column":36}},"154":{"start":{"line":155,"column":0},"end":{"line":155,"column":29}},"155":{"start":{"line":156,"column":0},"end":{"line":156,"column":19}},"156":{"start":{"line":157,"column":0},"end":{"line":157,"column":36}},"157":{"start":{"line":158,"column":0},"end":{"line":158,"column":21}},"158":{"start":{"line":159,"column":0},"end":{"line":159,"column":35}},"159":{"start":{"line":160,"column":0},"end":{"line":160,"column":19}},"160":{"start":{"line":161,"column":0},"end":{"line":161,"column":36}},"161":{"start":{"line":162,"column":0},"end":{"line":162,"column":38}},"162":{"start":{"line":163,"column":0},"end":{"line":163,"column":16}},"164":{"start":{"line":165,"column":0},"end":{"line":165,"column":38}},"166":{"start":{"line":167,"column":0},"end":{"line":167,"column":23}},"167":{"start":{"line":168,"column":0},"end":{"line":168,"column":16}},"168":{"start":{"line":169,"column":0},"end":{"line":169,"column":16}},"170":{"start":{"line":171,"column":0},"end":{"line":171,"column":10}},"172":{"start":{"line":173,"column":0},"end":{"line":173,"column":1}}},"s":{"0":1,"1":1,"11":1,"12":1,"13":1,"14":1,"19":12,"20":12,"21":12,"22":12,"23":12,"24":12,"26":12,"27":4,"28":4,"29":4,"30":4,"31":4,"32":4,"33":4,"34":4,"36":12,"37":5,"38":5,"39":5,"40":5,"41":5,"42":5,"43":5,"45":1,"46":1,"47":1,"49":4,"52":4,"53":4,"54":5,"56":12,"57":4,"58":4,"59":12,"62":12,"64":1,"65":1,"66":1,"67":1,"68":1,"69":1,"70":1,"71":1,"74":1,"75":1,"77":12,"78":5,"79":1,"80":5,"81":4,"82":4,"83":5,"85":12,"86":1,"87":1,"90":12,"91":12,"93":7,"94":7,"95":12,"96":12,"98":12,"99":12,"100":12,"101":12,"102":12,"103":12,"104":12,"105":12,"106":12,"107":12,"108":12,"109":12,"110":12,"111":12,"112":12,"113":12,"115":12,"116":12,"117":12,"118":12,"119":12,"122":12,"123":4,"124":4,"125":4,"126":4,"127":4,"128":4,"129":4,"130":4,"132":4,"133":4,"134":4,"135":8,"136":4,"137":4,"138":6,"139":6,"140":6,"141":1,"142":1,"143":1,"144":6,"145":6,"146":6,"147":6,"148":6,"149":6,"150":6,"152":6,"153":6,"154":6,"155":4,"156":4,"157":4,"158":4,"159":4,"160":4,"161":4,"162":4,"164":4,"166":4,"167":4,"168":4,"170":12,"172":12},"branchMap":{"0":{"type":"branch","line":20,"loc":{"start":{"line":20,"column":0},"end":{"line":173,"column":1}},"locations":[{"start":{"line":20,"column":0},"end":{"line":173,"column":1}}]},"1":{"type":"branch","line":111,"loc":{"start":{"line":111,"column":29},"end":{"line":111,"column":55}},"locations":[{"start":{"line":111,"column":29},"end":{"line":111,"column":55}}]},"2":{"type":"branch","line":111,"loc":{"start":{"line":111,"column":36},"end":{"line":111,"column":65}},"locations":[{"start":{"line":111,"column":36},"end":{"line":111,"column":65}}]},"3":{"type":"branch","line":113,"loc":{"start":{"line":113,"column":29},"end":{"line":113,"column":45}},"locations":[{"start":{"line":113,"column":29},"end":{"line":113,"column":45}}]},"4":{"type":"branch","line":113,"loc":{"start":{"line":113,"column":36},"end":{"line":113,"column":55}},"locations":[{"start":{"line":113,"column":36},"end":{"line":113,"column":55}}]},"5":{"type":"branch","line":123,"loc":{"start":{"line":123,"column":7},"end":{"line":169,"column":16}},"locations":[{"start":{"line":123,"column":7},"end":{"line":169,"column":16}}]},"6":{"type":"branch","line":27,"loc":{"start":{"line":27,"column":26},"end":{"line":35,"column":4}},"locations":[{"start":{"line":27,"column":26},"end":{"line":35,"column":4}}]},"7":{"type":"branch","line":37,"loc":{"start":{"line":37,"column":32},"end":{"line":55,"column":4}},"locations":[{"start":{"line":37,"column":32},"end":{"line":55,"column":4}}]},"8":{"type":"branch","line":44,"loc":{"start":{"line":44,"column":33},"end":{"line":54,"column":47}},"locations":[{"start":{"line":44,"column":33},"end":{"line":54,"column":47}}]},"9":{"type":"branch","line":44,"loc":{"start":{"line":44,"column":33},"end":{"line":48,"column":5}},"locations":[{"start":{"line":44,"column":33},"end":{"line":48,"column":5}}]},"10":{"type":"branch","line":57,"loc":{"start":{"line":57,"column":12},"end":{"line":60,"column":5}},"locations":[{"start":{"line":57,"column":12},"end":{"line":60,"column":5}}]},"11":{"type":"branch","line":63,"loc":{"start":{"line":63,"column":32},"end":{"line":76,"column":4}},"locations":[{"start":{"line":63,"column":32},"end":{"line":76,"column":4}}]},"12":{"type":"branch","line":78,"loc":{"start":{"line":78,"column":22},"end":{"line":84,"column":4}},"locations":[{"start":{"line":78,"column":22},"end":{"line":84,"column":4}}]},"13":{"type":"branch","line":79,"loc":{"start":{"line":79,"column":18},"end":{"line":81,"column":11}},"locations":[{"start":{"line":79,"column":18},"end":{"line":81,"column":11}}]},"14":{"type":"branch","line":81,"loc":{"start":{"line":81,"column":4},"end":{"line":83,"column":5}},"locations":[{"start":{"line":81,"column":4},"end":{"line":83,"column":5}}]},"15":{"type":"branch","line":86,"loc":{"start":{"line":86,"column":22},"end":{"line":88,"column":4}},"locations":[{"start":{"line":86,"column":22},"end":{"line":88,"column":4}}]},"16":{"type":"branch","line":91,"loc":{"start":{"line":91,"column":34},"end":{"line":97,"column":4}},"locations":[{"start":{"line":91,"column":34},"end":{"line":97,"column":4}}]},"17":{"type":"branch","line":92,"loc":{"start":{"line":92,"column":27},"end":{"line":96,"column":40}},"locations":[{"start":{"line":92,"column":27},"end":{"line":96,"column":40}}]},"18":{"type":"branch","line":92,"loc":{"start":{"line":92,"column":27},"end":{"line":96,"column":23}},"locations":[{"start":{"line":92,"column":27},"end":{"line":96,"column":23}}]},"19":{"type":"branch","line":92,"loc":{"start":{"line":92,"column":27},"end":{"line":92,"column":55}},"locations":[{"start":{"line":92,"column":27},"end":{"line":92,"column":55}}]},"20":{"type":"branch","line":92,"loc":{"start":{"line":92,"column":34},"end":{"line":96,"column":23}},"locations":[{"start":{"line":92,"column":34},"end":{"line":96,"column":23}}]},"21":{"type":"branch","line":96,"loc":{"start":{"line":96,"column":11},"end":{"line":96,"column":40}},"locations":[{"start":{"line":96,"column":11},"end":{"line":96,"column":40}}]},"22":{"type":"branch","line":96,"loc":{"start":{"line":96,"column":33},"end":{"line":96,"column":61}},"locations":[{"start":{"line":96,"column":33},"end":{"line":96,"column":61}}]},"23":{"type":"branch","line":95,"loc":{"start":{"line":95,"column":21},"end":{"line":95,"column":74}},"locations":[{"start":{"line":95,"column":21},"end":{"line":95,"column":74}}]},"24":{"type":"branch","line":135,"loc":{"start":{"line":135,"column":24},"end":{"line":137,"column":65}},"locations":[{"start":{"line":135,"column":24},"end":{"line":137,"column":65}}]},"25":{"type":"branch","line":136,"loc":{"start":{"line":136,"column":19},"end":{"line":137,"column":65}},"locations":[{"start":{"line":136,"column":19},"end":{"line":137,"column":65}}]},"26":{"type":"branch","line":138,"loc":{"start":{"line":138,"column":21},"end":{"line":155,"column":29}},"locations":[{"start":{"line":138,"column":21},"end":{"line":155,"column":29}}]},"27":{"type":"branch","line":141,"loc":{"start":{"line":141,"column":29},"end":{"line":144,"column":22}},"locations":[{"start":{"line":141,"column":29},"end":{"line":144,"column":22}}]}},"b":{"0":[12],"1":[4],"2":[8],"3":[4],"4":[8],"5":[4],"6":[4],"7":[5],"8":[4],"9":[1],"10":[4],"11":[1],"12":[5],"13":[1],"14":[4],"15":[1],"16":[12],"17":[11],"18":[10],"19":[5],"20":[7],"21":[6],"22":[1],"23":[8],"24":[8],"25":[6],"26":[6],"27":[1]},"fnMap":{"0":{"name":"Header","decl":{"start":{"line":20,"column":0},"end":{"line":173,"column":1}},"loc":{"start":{"line":20,"column":0},"end":{"line":173,"column":1}},"line":20},"1":{"name":"fetchWorkspaces","decl":{"start":{"line":27,"column":26},"end":{"line":35,"column":4}},"loc":{"start":{"line":27,"column":26},"end":{"line":35,"column":4}},"line":27},"2":{"name":"fetchCurrentWorkspace","decl":{"start":{"line":37,"column":32},"end":{"line":55,"column":4}},"loc":{"start":{"line":37,"column":32},"end":{"line":55,"column":4}},"line":37},"3":{"name":"setWorkspaceAsCurrent","decl":{"start":{"line":63,"column":32},"end":{"line":76,"column":4}},"loc":{"start":{"line":63,"column":32},"end":{"line":76,"column":4}},"line":63},"4":{"name":"handleClick","decl":{"start":{"line":78,"column":22},"end":{"line":84,"column":4}},"loc":{"start":{"line":78,"column":22},"end":{"line":84,"column":4}},"line":78},"5":{"name":"handleClose","decl":{"start":{"line":86,"column":22},"end":{"line":88,"column":4}},"loc":{"start":{"line":86,"column":22},"end":{"line":88,"column":4}},"line":86},"6":{"name":"getCurrentWorkspaceName","decl":{"start":{"line":91,"column":34},"end":{"line":97,"column":4}},"loc":{"start":{"line":91,"column":34},"end":{"line":97,"column":4}},"line":91},"7":{"name":"onClick","decl":{"start":{"line":141,"column":29},"end":{"line":144,"column":22}},"loc":{"start":{"line":141,"column":29},"end":{"line":144,"column":22}},"line":141}},"f":{"0":12,"1":4,"2":5,"3":1,"4":5,"5":1,"6":12,"7":1}}
,"/Users/ericanderson/cse186/Assignment8/frontend/src/components/login.jsx": {"path":"/Users/ericanderson/cse186/Assignment8/frontend/src/components/login.jsx","all":false,"statementMap":{"0":{"start":{"line":1,"column":0},"end":{"line":1,"column":31}},"1":{"start":{"line":2,"column":0},"end":{"line":2,"column":8}},"10":{"start":{"line":11,"column":0},"end":{"line":11,"column":45}},"11":{"start":{"line":12,"column":0},"end":{"line":12,"column":57}},"16":{"start":{"line":17,"column":0},"end":{"line":17,"column":33}},"17":{"start":{"line":18,"column":0},"end":{"line":18,"column":41}},"18":{"start":{"line":19,"column":0},"end":{"line":19,"column":47}},"19":{"start":{"line":20,"column":0},"end":{"line":20,"column":41}},"20":{"start":{"line":21,"column":0},"end":{"line":21,"column":33}},"21":{"start":{"line":22,"column":0},"end":{"line":22,"column":42}},"26":{"start":{"line":27,"column":0},"end":{"line":27,"column":37}},"27":{"start":{"line":28,"column":0},"end":{"line":28,"column":23}},"28":{"start":{"line":29,"column":0},"end":{"line":29,"column":42}},"30":{"start":{"line":31,"column":0},"end":{"line":31,"column":9}},"31":{"start":{"line":32,"column":0},"end":{"line":32,"column":74}},"32":{"start":{"line":33,"column":0},"end":{"line":33,"column":23}},"33":{"start":{"line":34,"column":0},"end":{"line":34,"column":18}},"34":{"start":{"line":35,"column":0},"end":{"line":35,"column":45}},"35":{"start":{"line":36,"column":0},"end":{"line":36,"column":10}},"36":{"start":{"line":37,"column":0},"end":{"line":37,"column":30}},"37":{"start":{"line":38,"column":0},"end":{"line":38,"column":23}},"38":{"start":{"line":39,"column":0},"end":{"line":39,"column":29}},"39":{"start":{"line":40,"column":0},"end":{"line":40,"column":11}},"40":{"start":{"line":41,"column":0},"end":{"line":41,"column":9}},"42":{"start":{"line":43,"column":0},"end":{"line":43,"column":25}},"43":{"start":{"line":44,"column":0},"end":{"line":44,"column":66}},"44":{"start":{"line":45,"column":0},"end":{"line":45,"column":44}},"45":{"start":{"line":46,"column":0},"end":{"line":46,"column":61}},"46":{"start":{"line":47,"column":0},"end":{"line":47,"column":7}},"48":{"start":{"line":49,"column":0},"end":{"line":49,"column":41}},"50":{"start":{"line":51,"column":0},"end":{"line":51,"column":54}},"51":{"start":{"line":52,"column":0},"end":{"line":52,"column":46}},"52":{"start":{"line":53,"column":0},"end":{"line":53,"column":42}},"53":{"start":{"line":54,"column":0},"end":{"line":54,"column":30}},"57":{"start":{"line":58,"column":0},"end":{"line":58,"column":29}},"58":{"start":{"line":59,"column":0},"end":{"line":59,"column":19}},"59":{"start":{"line":60,"column":0},"end":{"line":60,"column":28}},"61":{"start":{"line":62,"column":0},"end":{"line":62,"column":5}},"62":{"start":{"line":63,"column":0},"end":{"line":63,"column":4}},"64":{"start":{"line":65,"column":0},"end":{"line":65,"column":10}},"65":{"start":{"line":66,"column":0},"end":{"line":66,"column":29}},"66":{"start":{"line":67,"column":0},"end":{"line":67,"column":46}},"67":{"start":{"line":68,"column":0},"end":{"line":68,"column":12}},"68":{"start":{"line":69,"column":0},"end":{"line":69,"column":15}},"69":{"start":{"line":70,"column":0},"end":{"line":70,"column":28}},"70":{"start":{"line":71,"column":0},"end":{"line":71,"column":36}},"71":{"start":{"line":72,"column":0},"end":{"line":72,"column":33}},"72":{"start":{"line":73,"column":0},"end":{"line":73,"column":12}},"74":{"start":{"line":75,"column":0},"end":{"line":75,"column":50}},"76":{"start":{"line":77,"column":0},"end":{"line":77,"column":23}},"79":{"start":{"line":80,"column":0},"end":{"line":80,"column":21}},"80":{"start":{"line":81,"column":0},"end":{"line":81,"column":64}},"81":{"start":{"line":82,"column":0},"end":{"line":82,"column":21}},"82":{"start":{"line":83,"column":0},"end":{"line":83,"column":20}},"85":{"start":{"line":86,"column":0},"end":{"line":86,"column":31}},"86":{"start":{"line":87,"column":0},"end":{"line":87,"column":64}},"87":{"start":{"line":88,"column":0},"end":{"line":88,"column":22}},"88":{"start":{"line":89,"column":0},"end":{"line":89,"column":29}},"89":{"start":{"line":90,"column":0},"end":{"line":90,"column":22}},"90":{"start":{"line":91,"column":0},"end":{"line":91,"column":23}},"91":{"start":{"line":92,"column":0},"end":{"line":92,"column":35}},"92":{"start":{"line":93,"column":0},"end":{"line":93,"column":26}},"93":{"start":{"line":94,"column":0},"end":{"line":94,"column":34}},"94":{"start":{"line":95,"column":0},"end":{"line":95,"column":23}},"95":{"start":{"line":96,"column":0},"end":{"line":96,"column":27}},"96":{"start":{"line":97,"column":0},"end":{"line":97,"column":56}},"97":{"start":{"line":98,"column":0},"end":{"line":98,"column":38}},"98":{"start":{"line":99,"column":0},"end":{"line":99,"column":14}},"99":{"start":{"line":100,"column":0},"end":{"line":100,"column":22}},"100":{"start":{"line":101,"column":0},"end":{"line":101,"column":29}},"101":{"start":{"line":102,"column":0},"end":{"line":102,"column":22}},"102":{"start":{"line":103,"column":0},"end":{"line":103,"column":23}},"103":{"start":{"line":104,"column":0},"end":{"line":104,"column":29}},"104":{"start":{"line":105,"column":0},"end":{"line":105,"column":30}},"105":{"start":{"line":106,"column":0},"end":{"line":106,"column":29}},"106":{"start":{"line":107,"column":0},"end":{"line":107,"column":45}},"107":{"start":{"line":108,"column":0},"end":{"line":108,"column":30}},"108":{"start":{"line":109,"column":0},"end":{"line":109,"column":59}},"109":{"start":{"line":110,"column":0},"end":{"line":110,"column":41}},"110":{"start":{"line":111,"column":0},"end":{"line":111,"column":14}},"111":{"start":{"line":112,"column":0},"end":{"line":112,"column":19}},"112":{"start":{"line":113,"column":0},"end":{"line":113,"column":27}},"113":{"start":{"line":114,"column":0},"end":{"line":114,"column":23}},"114":{"start":{"line":115,"column":0},"end":{"line":115,"column":33}},"115":{"start":{"line":116,"column":0},"end":{"line":116,"column":33}},"116":{"start":{"line":117,"column":0},"end":{"line":117,"column":39}},"117":{"start":{"line":118,"column":0},"end":{"line":118,"column":13}},"119":{"start":{"line":120,"column":0},"end":{"line":120,"column":21}},"120":{"start":{"line":121,"column":0},"end":{"line":121,"column":16}},"121":{"start":{"line":122,"column":0},"end":{"line":122,"column":14}},"122":{"start":{"line":123,"column":0},"end":{"line":123,"column":14}},"123":{"start":{"line":124,"column":0},"end":{"line":124,"column":16}},"125":{"start":{"line":126,"column":0},"end":{"line":126,"column":1}}},"s":{"0":1,"1":1,"10":1,"11":1,"16":29,"17":29,"18":29,"19":29,"20":29,"21":29,"26":29,"27":5,"28":5,"30":5,"31":5,"32":5,"33":5,"34":5,"35":5,"36":5,"37":5,"38":5,"39":5,"40":5,"42":5,"43":1,"44":1,"45":1,"46":1,"48":4,"50":4,"51":4,"52":4,"53":4,"57":4,"58":4,"59":1,"61":1,"62":5,"64":29,"65":29,"66":29,"67":29,"68":29,"69":29,"70":29,"71":29,"72":29,"74":29,"76":29,"79":29,"80":2,"81":2,"82":2,"85":29,"86":29,"87":29,"88":29,"89":29,"90":29,"91":29,"92":29,"93":29,"94":29,"95":29,"96":29,"97":29,"98":29,"99":29,"100":29,"101":29,"102":29,"103":29,"104":29,"105":29,"106":29,"107":29,"108":29,"109":29,"110":29,"111":29,"112":29,"113":29,"114":29,"115":29,"116":29,"117":29,"119":29,"120":29,"121":29,"122":29,"123":29,"125":29},"branchMap":{"0":{"type":"branch","line":17,"loc":{"start":{"line":17,"column":0},"end":{"line":126,"column":1}},"locations":[{"start":{"line":17,"column":0},"end":{"line":126,"column":1}}]},"1":{"type":"branch","line":80,"loc":{"start":{"line":80,"column":11},"end":{"line":83,"column":20}},"locations":[{"start":{"line":80,"column":11},"end":{"line":83,"column":20}}]},"2":{"type":"branch","line":27,"loc":{"start":{"line":27,"column":23},"end":{"line":63,"column":4}},"locations":[{"start":{"line":27,"column":23},"end":{"line":63,"column":4}}]},"3":{"type":"branch","line":43,"loc":{"start":{"line":43,"column":24},"end":{"line":62,"column":5}},"locations":[{"start":{"line":43,"column":24},"end":{"line":62,"column":5}}]},"4":{"type":"branch","line":43,"loc":{"start":{"line":43,"column":24},"end":{"line":47,"column":7}},"locations":[{"start":{"line":43,"column":24},"end":{"line":47,"column":7}}]},"5":{"type":"branch","line":59,"loc":{"start":{"line":59,"column":4},"end":{"line":62,"column":5}},"locations":[{"start":{"line":59,"column":4},"end":{"line":62,"column":5}}]},"6":{"type":"branch","line":97,"loc":{"start":{"line":97,"column":24},"end":{"line":97,"column":56}},"locations":[{"start":{"line":97,"column":24},"end":{"line":97,"column":56}}]},"7":{"type":"branch","line":109,"loc":{"start":{"line":109,"column":24},"end":{"line":109,"column":59}},"locations":[{"start":{"line":109,"column":24},"end":{"line":109,"column":59}}]}},"b":{"0":[29],"1":[2],"2":[5],"3":[4],"4":[1],"5":[1],"6":[5],"7":[5]},"fnMap":{"0":{"name":"Login","decl":{"start":{"line":17,"column":0},"end":{"line":126,"column":1}},"loc":{"start":{"line":17,"column":0},"end":{"line":126,"column":1}},"line":17},"1":{"name":"handleSubmit","decl":{"start":{"line":27,"column":23},"end":{"line":63,"column":4}},"loc":{"start":{"line":27,"column":23},"end":{"line":63,"column":4}},"line":27},"2":{"name":"onChange","decl":{"start":{"line":97,"column":24},"end":{"line":97,"column":56}},"loc":{"start":{"line":97,"column":24},"end":{"line":97,"column":56}},"line":97},"3":{"name":"onChange","decl":{"start":{"line":109,"column":24},"end":{"line":109,"column":59}},"loc":{"start":{"line":109,"column":24},"end":{"line":109,"column":59}},"line":109}},"f":{"0":29,"1":5,"2":5,"3":5}}
,"/Users/ericanderson/cse186/Assignment8/frontend/src/components/messaging/MessageArea.jsx": {"path":"/Users/ericanderson/cse186/Assignment8/frontend/src/components/messaging/MessageArea.jsx","all":false,"statementMap":{"0":{"start":{"line":1,"column":0},"end":{"line":1,"column":42}},"1":{"start":{"line":2,"column":0},"end":{"line":2,"column":74}},"2":{"start":{"line":3,"column":0},"end":{"line":3,"column":58}},"3":{"start":{"line":4,"column":0},"end":{"line":4,"column":40}},"4":{"start":{"line":5,"column":0},"end":{"line":5,"column":42}},"5":{"start":{"line":6,"column":0},"end":{"line":6,"column":35}},"17":{"start":{"line":18,"column":0},"end":{"line":18,"column":37}},"18":{"start":{"line":19,"column":0},"end":{"line":19,"column":12}},"19":{"start":{"line":20,"column":0},"end":{"line":20,"column":14}},"20":{"start":{"line":21,"column":0},"end":{"line":21,"column":7}},"21":{"start":{"line":22,"column":0},"end":{"line":22,"column":9}},"22":{"start":{"line":23,"column":0},"end":{"line":23,"column":9}},"23":{"start":{"line":24,"column":0},"end":{"line":24,"column":4}},"24":{"start":{"line":25,"column":0},"end":{"line":25,"column":47}},"27":{"start":{"line":28,"column":0},"end":{"line":28,"column":19}},"29":{"start":{"line":30,"column":0},"end":{"line":30,"column":20}},"30":{"start":{"line":31,"column":0},"end":{"line":31,"column":19}},"31":{"start":{"line":32,"column":0},"end":{"line":32,"column":9}},"32":{"start":{"line":33,"column":0},"end":{"line":33,"column":18}},"33":{"start":{"line":34,"column":0},"end":{"line":34,"column":61}},"34":{"start":{"line":35,"column":0},"end":{"line":35,"column":25}},"35":{"start":{"line":36,"column":0},"end":{"line":36,"column":43}},"36":{"start":{"line":37,"column":0},"end":{"line":37,"column":27}},"37":{"start":{"line":38,"column":0},"end":{"line":38,"column":10}},"38":{"start":{"line":39,"column":0},"end":{"line":39,"column":9}},"39":{"start":{"line":40,"column":0},"end":{"line":40,"column":18}},"40":{"start":{"line":41,"column":0},"end":{"line":41,"column":76}},"42":{"start":{"line":43,"column":0},"end":{"line":43,"column":24}},"43":{"start":{"line":44,"column":0},"end":{"line":44,"column":43}},"44":{"start":{"line":45,"column":0},"end":{"line":45,"column":27}},"45":{"start":{"line":46,"column":0},"end":{"line":46,"column":10}},"46":{"start":{"line":47,"column":0},"end":{"line":47,"column":9}},"47":{"start":{"line":48,"column":0},"end":{"line":48,"column":18}},"48":{"start":{"line":49,"column":0},"end":{"line":49,"column":70}},"49":{"start":{"line":50,"column":0},"end":{"line":50,"column":28}},"50":{"start":{"line":51,"column":0},"end":{"line":51,"column":43}},"51":{"start":{"line":52,"column":0},"end":{"line":52,"column":27}},"52":{"start":{"line":53,"column":0},"end":{"line":53,"column":10}},"53":{"start":{"line":54,"column":0},"end":{"line":54,"column":9}},"54":{"start":{"line":55,"column":0},"end":{"line":55,"column":18}},"55":{"start":{"line":56,"column":0},"end":{"line":56,"column":67}},"56":{"start":{"line":57,"column":0},"end":{"line":57,"column":25}},"57":{"start":{"line":58,"column":0},"end":{"line":58,"column":43}},"58":{"start":{"line":59,"column":0},"end":{"line":59,"column":27}},"59":{"start":{"line":60,"column":0},"end":{"line":60,"column":10}},"60":{"start":{"line":61,"column":0},"end":{"line":61,"column":9}},"61":{"start":{"line":62,"column":0},"end":{"line":62,"column":22}},"62":{"start":{"line":63,"column":0},"end":{"line":63,"column":19}},"63":{"start":{"line":64,"column":0},"end":{"line":64,"column":9}},"64":{"start":{"line":65,"column":0},"end":{"line":65,"column":18}},"65":{"start":{"line":66,"column":0},"end":{"line":66,"column":45}},"66":{"start":{"line":67,"column":0},"end":{"line":67,"column":24}},"67":{"start":{"line":68,"column":0},"end":{"line":68,"column":43}},"68":{"start":{"line":69,"column":0},"end":{"line":69,"column":27}},"69":{"start":{"line":70,"column":0},"end":{"line":70,"column":10}},"70":{"start":{"line":71,"column":0},"end":{"line":71,"column":9}},"71":{"start":{"line":72,"column":0},"end":{"line":72,"column":18}},"72":{"start":{"line":73,"column":0},"end":{"line":73,"column":55}},"73":{"start":{"line":74,"column":0},"end":{"line":74,"column":25}},"74":{"start":{"line":75,"column":0},"end":{"line":75,"column":43}},"75":{"start":{"line":76,"column":0},"end":{"line":76,"column":23}},"76":{"start":{"line":77,"column":0},"end":{"line":77,"column":10}},"77":{"start":{"line":78,"column":0},"end":{"line":78,"column":9}},"78":{"start":{"line":79,"column":0},"end":{"line":79,"column":18}},"79":{"start":{"line":80,"column":0},"end":{"line":80,"column":80}},"80":{"start":{"line":81,"column":0},"end":{"line":81,"column":24}},"81":{"start":{"line":82,"column":0},"end":{"line":82,"column":43}},"82":{"start":{"line":83,"column":0},"end":{"line":83,"column":27}},"83":{"start":{"line":84,"column":0},"end":{"line":84,"column":10}},"84":{"start":{"line":85,"column":0},"end":{"line":85,"column":9}},"85":{"start":{"line":86,"column":0},"end":{"line":86,"column":18}},"86":{"start":{"line":87,"column":0},"end":{"line":87,"column":73}},"88":{"start":{"line":89,"column":0},"end":{"line":89,"column":25}},"89":{"start":{"line":90,"column":0},"end":{"line":90,"column":43}},"90":{"start":{"line":91,"column":0},"end":{"line":91,"column":23}},"91":{"start":{"line":92,"column":0},"end":{"line":92,"column":10}},"92":{"start":{"line":93,"column":0},"end":{"line":93,"column":9}},"93":{"start":{"line":94,"column":0},"end":{"line":94,"column":5}},"94":{"start":{"line":95,"column":0},"end":{"line":95,"column":32}},"100":{"start":{"line":101,"column":0},"end":{"line":101,"column":42}},"101":{"start":{"line":102,"column":0},"end":{"line":102,"column":24}},"102":{"start":{"line":103,"column":0},"end":{"line":103,"column":26}},"103":{"start":{"line":104,"column":0},"end":{"line":104,"column":14}},"104":{"start":{"line":105,"column":0},"end":{"line":105,"column":20}},"105":{"start":{"line":106,"column":0},"end":{"line":106,"column":42}},"106":{"start":{"line":107,"column":0},"end":{"line":107,"column":52}},"107":{"start":{"line":108,"column":0},"end":{"line":108,"column":6}},"109":{"start":{"line":110,"column":0},"end":{"line":110,"column":43}},"110":{"start":{"line":111,"column":0},"end":{"line":111,"column":4}},"113":{"start":{"line":114,"column":0},"end":{"line":114,"column":39}},"114":{"start":{"line":115,"column":0},"end":{"line":115,"column":56}},"116":{"start":{"line":117,"column":0},"end":{"line":117,"column":10}},"117":{"start":{"line":118,"column":0},"end":{"line":118,"column":10}},"118":{"start":{"line":119,"column":0},"end":{"line":119,"column":19}},"119":{"start":{"line":120,"column":0},"end":{"line":120,"column":11}},"120":{"start":{"line":121,"column":0},"end":{"line":121,"column":24}},"121":{"start":{"line":122,"column":0},"end":{"line":122,"column":22}},"122":{"start":{"line":123,"column":0},"end":{"line":123,"column":24}},"123":{"start":{"line":124,"column":0},"end":{"line":124,"column":32}},"124":{"start":{"line":125,"column":0},"end":{"line":125,"column":24}},"125":{"start":{"line":126,"column":0},"end":{"line":126,"column":35}},"126":{"start":{"line":127,"column":0},"end":{"line":127,"column":8}},"129":{"start":{"line":130,"column":0},"end":{"line":130,"column":10}},"130":{"start":{"line":131,"column":0},"end":{"line":131,"column":13}},"131":{"start":{"line":132,"column":0},"end":{"line":132,"column":15}},"132":{"start":{"line":133,"column":0},"end":{"line":133,"column":44}},"133":{"start":{"line":134,"column":0},"end":{"line":134,"column":34}},"134":{"start":{"line":135,"column":0},"end":{"line":135,"column":26}},"135":{"start":{"line":136,"column":0},"end":{"line":136,"column":31}},"136":{"start":{"line":137,"column":0},"end":{"line":137,"column":10}},"138":{"start":{"line":139,"column":0},"end":{"line":139,"column":19}},"139":{"start":{"line":140,"column":0},"end":{"line":140,"column":22}},"140":{"start":{"line":141,"column":0},"end":{"line":141,"column":27}},"141":{"start":{"line":142,"column":0},"end":{"line":142,"column":26}},"142":{"start":{"line":143,"column":0},"end":{"line":143,"column":22}},"144":{"start":{"line":145,"column":0},"end":{"line":145,"column":27}},"145":{"start":{"line":146,"column":0},"end":{"line":146,"column":21}},"146":{"start":{"line":147,"column":0},"end":{"line":147,"column":51}},"147":{"start":{"line":148,"column":0},"end":{"line":148,"column":17}},"148":{"start":{"line":149,"column":0},"end":{"line":149,"column":21}},"149":{"start":{"line":150,"column":0},"end":{"line":150,"column":23}},"150":{"start":{"line":151,"column":0},"end":{"line":151,"column":61}},"152":{"start":{"line":153,"column":0},"end":{"line":153,"column":23}},"154":{"start":{"line":155,"column":0},"end":{"line":155,"column":12}},"156":{"start":{"line":157,"column":0},"end":{"line":157,"column":17}},"159":{"start":{"line":160,"column":0},"end":{"line":160,"column":54}},"160":{"start":{"line":161,"column":0},"end":{"line":161,"column":43}},"161":{"start":{"line":162,"column":0},"end":{"line":162,"column":12}},"164":{"start":{"line":165,"column":0},"end":{"line":165,"column":48}},"165":{"start":{"line":166,"column":0},"end":{"line":166,"column":21}},"166":{"start":{"line":167,"column":0},"end":{"line":167,"column":43}},"167":{"start":{"line":168,"column":0},"end":{"line":168,"column":42}},"168":{"start":{"line":169,"column":0},"end":{"line":169,"column":10}},"169":{"start":{"line":170,"column":0},"end":{"line":170,"column":12}},"170":{"start":{"line":171,"column":0},"end":{"line":171,"column":12}},"172":{"start":{"line":173,"column":0},"end":{"line":173,"column":1}},"174":{"start":{"line":175,"column":0},"end":{"line":175,"column":25}},"175":{"start":{"line":176,"column":0},"end":{"line":176,"column":30}},"176":{"start":{"line":177,"column":0},"end":{"line":177,"column":32}},"177":{"start":{"line":178,"column":0},"end":{"line":178,"column":25}},"178":{"start":{"line":179,"column":0},"end":{"line":179,"column":27}},"179":{"start":{"line":180,"column":0},"end":{"line":180,"column":36}},"180":{"start":{"line":181,"column":0},"end":{"line":181,"column":2}}},"s":{"0":1,"1":1,"2":1,"3":1,"4":1,"5":1,"17":2,"18":2,"19":2,"20":2,"21":2,"22":2,"23":2,"24":2,"27":2,"29":1,"30":1,"31":1,"32":1,"33":1,"34":1,"35":1,"36":1,"37":1,"38":1,"39":1,"40":1,"42":1,"43":1,"44":1,"45":1,"46":1,"47":1,"48":1,"49":1,"50":1,"51":1,"52":1,"53":1,"54":1,"55":1,"56":1,"57":1,"58":1,"59":1,"60":1,"61":1,"62":0,"63":0,"64":0,"65":0,"66":0,"67":0,"68":0,"69":0,"70":0,"71":0,"72":0,"73":0,"74":0,"75":0,"76":0,"77":0,"78":0,"79":0,"80":0,"81":0,"82":0,"83":0,"84":0,"85":0,"86":0,"88":0,"89":0,"90":0,"91":0,"92":0,"93":0,"94":2,"100":2,"101":0,"102":0,"103":0,"104":0,"105":0,"106":0,"107":0,"109":0,"110":0,"113":2,"114":2,"116":2,"117":2,"118":2,"119":2,"120":2,"121":2,"122":2,"123":2,"124":2,"125":2,"126":2,"129":2,"130":2,"131":2,"132":2,"133":2,"134":2,"135":2,"136":2,"138":2,"139":2,"140":2,"141":2,"142":2,"144":2,"145":2,"146":2,"147":2,"148":2,"149":2,"150":2,"152":2,"154":2,"156":2,"159":2,"160":2,"161":2,"164":2,"165":2,"166":2,"167":2,"168":2,"169":2,"170":2,"172":2,"174":1,"175":1,"176":1,"177":1,"178":1,"179":1,"180":1},"branchMap":{"0":{"type":"branch","line":18,"loc":{"start":{"line":18,"column":0},"end":{"line":173,"column":1}},"locations":[{"start":{"line":18,"column":0},"end":{"line":173,"column":1}}]},"1":{"type":"branch","line":115,"loc":{"start":{"line":115,"column":44},"end":{"line":115,"column":56}},"locations":[{"start":{"line":115,"column":44},"end":{"line":115,"column":56}}]},"2":{"type":"branch","line":28,"loc":{"start":{"line":28,"column":12},"end":{"line":95,"column":5}},"locations":[{"start":{"line":28,"column":12},"end":{"line":95,"column":5}}]},"3":{"type":"branch","line":62,"loc":{"start":{"line":62,"column":4},"end":{"line":94,"column":5}},"locations":[{"start":{"line":62,"column":4},"end":{"line":94,"column":5}}]}},"b":{"0":[2],"1":[0],"2":[1],"3":[0]},"fnMap":{"0":{"name":"MessageArea","decl":{"start":{"line":18,"column":0},"end":{"line":173,"column":1}},"loc":{"start":{"line":18,"column":0},"end":{"line":173,"column":1}},"line":18},"1":{"name":"handleSendMessage","decl":{"start":{"line":101,"column":28},"end":{"line":111,"column":4}},"loc":{"start":{"line":101,"column":28},"end":{"line":111,"column":4}},"line":101}},"f":{"0":2,"1":0}}
,"/Users/ericanderson/cse186/Assignment8/frontend/src/components/messaging/MessageInput.jsx": {"path":"/Users/ericanderson/cse186/Assignment8/frontend/src/components/messaging/MessageInput.jsx","all":false,"statementMap":{"0":{"start":{"line":1,"column":0},"end":{"line":1,"column":31}},"1":{"start":{"line":2,"column":0},"end":{"line":2,"column":57}},"2":{"start":{"line":3,"column":0},"end":{"line":3,"column":48}},"3":{"start":{"line":4,"column":0},"end":{"line":4,"column":35}},"12":{"start":{"line":13,"column":0},"end":{"line":13,"column":68}},"13":{"start":{"line":14,"column":0},"end":{"line":14,"column":45}},"19":{"start":{"line":20,"column":0},"end":{"line":20,"column":31}},"20":{"start":{"line":21,"column":0},"end":{"line":21,"column":23}},"21":{"start":{"line":22,"column":0},"end":{"line":22,"column":25}},"22":{"start":{"line":23,"column":0},"end":{"line":23,"column":29}},"23":{"start":{"line":24,"column":0},"end":{"line":24,"column":21}},"24":{"start":{"line":25,"column":0},"end":{"line":25,"column":5}},"25":{"start":{"line":26,"column":0},"end":{"line":26,"column":4}},"27":{"start":{"line":28,"column":0},"end":{"line":28,"column":10}},"28":{"start":{"line":29,"column":0},"end":{"line":29,"column":8}},"29":{"start":{"line":30,"column":0},"end":{"line":30,"column":22}},"30":{"start":{"line":31,"column":0},"end":{"line":31,"column":29}},"31":{"start":{"line":32,"column":0},"end":{"line":32,"column":11}},"32":{"start":{"line":33,"column":0},"end":{"line":33,"column":24}},"33":{"start":{"line":34,"column":0},"end":{"line":34,"column":29}},"34":{"start":{"line":35,"column":0},"end":{"line":35,"column":22}},"35":{"start":{"line":36,"column":0},"end":{"line":36,"column":8}},"37":{"start":{"line":38,"column":0},"end":{"line":38,"column":16}},"38":{"start":{"line":39,"column":0},"end":{"line":39,"column":17}},"39":{"start":{"line":40,"column":0},"end":{"line":40,"column":26}},"40":{"start":{"line":41,"column":0},"end":{"line":41,"column":56}},"41":{"start":{"line":42,"column":0},"end":{"line":42,"column":23}},"42":{"start":{"line":43,"column":0},"end":{"line":43,"column":52}},"43":{"start":{"line":44,"column":0},"end":{"line":44,"column":13}},"44":{"start":{"line":45,"column":0},"end":{"line":45,"column":39}},"45":{"start":{"line":46,"column":0},"end":{"line":46,"column":31}},"46":{"start":{"line":47,"column":0},"end":{"line":47,"column":33}},"47":{"start":{"line":48,"column":0},"end":{"line":48,"column":57}},"48":{"start":{"line":49,"column":0},"end":{"line":49,"column":42}},"49":{"start":{"line":50,"column":0},"end":{"line":50,"column":14}},"50":{"start":{"line":51,"column":0},"end":{"line":51,"column":12}},"51":{"start":{"line":52,"column":0},"end":{"line":52,"column":10}},"52":{"start":{"line":53,"column":0},"end":{"line":53,"column":21}},"53":{"start":{"line":54,"column":0},"end":{"line":54,"column":25}},"54":{"start":{"line":55,"column":0},"end":{"line":55,"column":23}},"55":{"start":{"line":56,"column":0},"end":{"line":56,"column":29}},"56":{"start":{"line":57,"column":0},"end":{"line":57,"column":39}},"57":{"start":{"line":58,"column":0},"end":{"line":58,"column":36}},"58":{"start":{"line":59,"column":0},"end":{"line":59,"column":40}},"59":{"start":{"line":60,"column":0},"end":{"line":60,"column":27}},"61":{"start":{"line":62,"column":0},"end":{"line":62,"column":26}},"62":{"start":{"line":63,"column":0},"end":{"line":63,"column":25}},"64":{"start":{"line":65,"column":0},"end":{"line":65,"column":10}},"65":{"start":{"line":66,"column":0},"end":{"line":66,"column":8}},"66":{"start":{"line":67,"column":0},"end":{"line":67,"column":10}},"68":{"start":{"line":69,"column":0},"end":{"line":69,"column":1}},"70":{"start":{"line":71,"column":0},"end":{"line":71,"column":26}},"71":{"start":{"line":72,"column":0},"end":{"line":72,"column":43}},"72":{"start":{"line":73,"column":0},"end":{"line":73,"column":32}},"73":{"start":{"line":74,"column":0},"end":{"line":74,"column":2}}},"s":{"0":1,"1":1,"2":1,"3":1,"12":2,"13":2,"19":2,"20":0,"21":0,"22":0,"23":0,"24":0,"25":0,"27":2,"28":2,"29":2,"30":2,"31":2,"32":2,"33":2,"34":2,"35":2,"37":2,"38":2,"39":2,"40":2,"41":2,"42":2,"43":2,"44":2,"45":2,"46":2,"47":2,"48":2,"49":2,"50":2,"51":2,"52":2,"53":2,"54":2,"55":2,"56":2,"57":2,"58":2,"59":2,"61":2,"62":2,"64":2,"65":2,"66":2,"68":2,"70":1,"71":1,"72":1,"73":1},"branchMap":{"0":{"type":"branch","line":13,"loc":{"start":{"line":13,"column":0},"end":{"line":69,"column":1}},"locations":[{"start":{"line":13,"column":0},"end":{"line":69,"column":1}}]},"1":{"type":"branch","line":41,"loc":{"start":{"line":41,"column":21},"end":{"line":41,"column":56}},"locations":[{"start":{"line":41,"column":21},"end":{"line":41,"column":56}}]}},"b":{"0":[2],"1":[0]},"fnMap":{"0":{"name":"MessageInput","decl":{"start":{"line":13,"column":0},"end":{"line":69,"column":1}},"loc":{"start":{"line":13,"column":0},"end":{"line":69,"column":1}},"line":13},"1":{"name":"handleSubmit","decl":{"start":{"line":20,"column":23},"end":{"line":26,"column":4}},"loc":{"start":{"line":20,"column":23},"end":{"line":26,"column":4}},"line":20},"2":{"name":"onChange","decl":{"start":{"line":43,"column":18},"end":{"line":43,"column":52}},"loc":{"start":{"line":43,"column":18},"end":{"line":43,"column":52}},"line":43}},"f":{"0":2,"1":0,"2":0}}
,"/Users/ericanderson/cse186/Assignment8/frontend/src/components/messaging/MessageList.jsx": {"path":"/Users/ericanderson/cse186/Assignment8/frontend/src/components/messaging/MessageList.jsx","all":false,"statementMap":{"0":{"start":{"line":1,"column":0},"end":{"line":1,"column":54}},"1":{"start":{"line":2,"column":0},"end":{"line":2,"column":35}},"9":{"start":{"line":10,"column":0},"end":{"line":10,"column":49}},"11":{"start":{"line":12,"column":0},"end":{"line":12,"column":37}},"12":{"start":{"line":13,"column":0},"end":{"line":13,"column":9}},"13":{"start":{"line":14,"column":0},"end":{"line":14,"column":39}},"14":{"start":{"line":15,"column":0},"end":{"line":15,"column":79}},"15":{"start":{"line":16,"column":0},"end":{"line":16,"column":13}},"16":{"start":{"line":17,"column":0},"end":{"line":17,"column":28}},"17":{"start":{"line":18,"column":0},"end":{"line":18,"column":5}},"18":{"start":{"line":19,"column":0},"end":{"line":19,"column":4}},"21":{"start":{"line":22,"column":0},"end":{"line":22,"column":35}},"22":{"start":{"line":23,"column":0},"end":{"line":23,"column":35}},"23":{"start":{"line":24,"column":0},"end":{"line":24,"column":40}},"24":{"start":{"line":25,"column":0},"end":{"line":25,"column":22}},"25":{"start":{"line":26,"column":0},"end":{"line":26,"column":20}},"26":{"start":{"line":27,"column":0},"end":{"line":27,"column":21}},"27":{"start":{"line":28,"column":0},"end":{"line":28,"column":7}},"28":{"start":{"line":29,"column":0},"end":{"line":29,"column":4}},"31":{"start":{"line":32,"column":0},"end":{"line":32,"column":61}},"32":{"start":{"line":33,"column":0},"end":{"line":33,"column":60}},"33":{"start":{"line":34,"column":0},"end":{"line":34,"column":21}},"34":{"start":{"line":35,"column":0},"end":{"line":35,"column":21}},"35":{"start":{"line":36,"column":0},"end":{"line":36,"column":5}},"36":{"start":{"line":37,"column":0},"end":{"line":37,"column":28}},"37":{"start":{"line":38,"column":0},"end":{"line":38,"column":15}},"38":{"start":{"line":39,"column":0},"end":{"line":39,"column":9}},"40":{"start":{"line":41,"column":0},"end":{"line":41,"column":10}},"41":{"start":{"line":42,"column":0},"end":{"line":42,"column":65}},"42":{"start":{"line":43,"column":0},"end":{"line":43,"column":70}},"43":{"start":{"line":44,"column":0},"end":{"line":44,"column":24}},"44":{"start":{"line":45,"column":0},"end":{"line":45,"column":14}},"45":{"start":{"line":46,"column":0},"end":{"line":46,"column":17}},"46":{"start":{"line":47,"column":0},"end":{"line":47,"column":30}},"47":{"start":{"line":48,"column":0},"end":{"line":48,"column":35}},"48":{"start":{"line":49,"column":0},"end":{"line":49,"column":39}},"49":{"start":{"line":50,"column":0},"end":{"line":50,"column":20}},"50":{"start":{"line":51,"column":0},"end":{"line":51,"column":14}},"52":{"start":{"line":53,"column":0},"end":{"line":53,"column":23}},"53":{"start":{"line":54,"column":0},"end":{"line":54,"column":31}},"54":{"start":{"line":55,"column":0},"end":{"line":55,"column":36}},"55":{"start":{"line":56,"column":0},"end":{"line":56,"column":19}},"56":{"start":{"line":57,"column":0},"end":{"line":57,"column":22}},"57":{"start":{"line":58,"column":0},"end":{"line":58,"column":24}},"58":{"start":{"line":59,"column":0},"end":{"line":59,"column":32}},"59":{"start":{"line":60,"column":0},"end":{"line":60,"column":55}},"60":{"start":{"line":61,"column":0},"end":{"line":61,"column":16}},"62":{"start":{"line":63,"column":0},"end":{"line":63,"column":32}},"63":{"start":{"line":64,"column":0},"end":{"line":64,"column":25}},"64":{"start":{"line":65,"column":0},"end":{"line":65,"column":16}},"66":{"start":{"line":67,"column":0},"end":{"line":67,"column":42}},"67":{"start":{"line":68,"column":0},"end":{"line":68,"column":16}},"68":{"start":{"line":69,"column":0},"end":{"line":69,"column":30}},"69":{"start":{"line":70,"column":0},"end":{"line":70,"column":19}},"70":{"start":{"line":71,"column":0},"end":{"line":71,"column":32}},"71":{"start":{"line":72,"column":0},"end":{"line":72,"column":22}},"72":{"start":{"line":73,"column":0},"end":{"line":73,"column":41}},"73":{"start":{"line":74,"column":0},"end":{"line":74,"column":16}},"75":{"start":{"line":76,"column":0},"end":{"line":76,"column":21}},"76":{"start":{"line":77,"column":0},"end":{"line":77,"column":51}},"77":{"start":{"line":78,"column":0},"end":{"line":78,"column":36}},"78":{"start":{"line":79,"column":0},"end":{"line":79,"column":57}},"79":{"start":{"line":80,"column":0},"end":{"line":80,"column":52}},"80":{"start":{"line":81,"column":0},"end":{"line":81,"column":37}},"81":{"start":{"line":82,"column":0},"end":{"line":82,"column":16}},"82":{"start":{"line":83,"column":0},"end":{"line":83,"column":19}},"83":{"start":{"line":84,"column":0},"end":{"line":84,"column":75}},"84":{"start":{"line":85,"column":0},"end":{"line":85,"column":29}},"85":{"start":{"line":86,"column":0},"end":{"line":86,"column":39}},"86":{"start":{"line":87,"column":0},"end":{"line":87,"column":37}},"87":{"start":{"line":88,"column":0},"end":{"line":88,"column":32}},"89":{"start":{"line":90,"column":0},"end":{"line":90,"column":36}},"90":{"start":{"line":91,"column":0},"end":{"line":91,"column":31}},"91":{"start":{"line":92,"column":0},"end":{"line":92,"column":71}},"92":{"start":{"line":93,"column":0},"end":{"line":93,"column":51}},"93":{"start":{"line":94,"column":0},"end":{"line":94,"column":31}},"94":{"start":{"line":95,"column":0},"end":{"line":95,"column":22}},"95":{"start":{"line":96,"column":0},"end":{"line":96,"column":74}},"96":{"start":{"line":97,"column":0},"end":{"line":97,"column":20}},"97":{"start":{"line":98,"column":0},"end":{"line":98,"column":18}},"98":{"start":{"line":99,"column":0},"end":{"line":99,"column":13}},"99":{"start":{"line":100,"column":0},"end":{"line":100,"column":14}},"100":{"start":{"line":101,"column":0},"end":{"line":101,"column":9}},"101":{"start":{"line":102,"column":0},"end":{"line":102,"column":10}},"103":{"start":{"line":104,"column":0},"end":{"line":104,"column":1}},"105":{"start":{"line":106,"column":0},"end":{"line":106,"column":25}},"106":{"start":{"line":107,"column":0},"end":{"line":107,"column":30}},"107":{"start":{"line":108,"column":0},"end":{"line":108,"column":23}},"108":{"start":{"line":109,"column":0},"end":{"line":109,"column":40}},"109":{"start":{"line":110,"column":0},"end":{"line":110,"column":45}},"110":{"start":{"line":111,"column":0},"end":{"line":111,"column":44}},"111":{"start":{"line":112,"column":0},"end":{"line":112,"column":47}},"112":{"start":{"line":113,"column":0},"end":{"line":113,"column":44}},"113":{"start":{"line":114,"column":0},"end":{"line":114,"column":9}},"114":{"start":{"line":115,"column":0},"end":{"line":115,"column":15}},"115":{"start":{"line":116,"column":0},"end":{"line":116,"column":2}}},"s":{"0":1,"1":1,"9":2,"11":2,"12":4,"13":4,"14":4,"15":4,"16":0,"17":0,"18":4,"21":2,"22":1,"23":1,"24":1,"25":1,"26":1,"27":1,"28":1,"31":2,"32":4,"33":4,"34":1,"35":1,"36":4,"37":4,"38":2,"40":2,"41":2,"42":2,"43":1,"44":1,"45":1,"46":1,"47":1,"48":1,"49":1,"50":1,"52":1,"53":1,"54":1,"55":1,"56":1,"57":1,"58":1,"59":1,"60":1,"62":1,"63":1,"64":1,"66":1,"67":4,"68":4,"69":4,"70":4,"71":4,"72":4,"73":4,"75":4,"76":4,"77":4,"78":4,"79":4,"80":4,"81":4,"82":4,"83":4,"84":4,"85":4,"86":4,"87":4,"89":4,"90":4,"91":4,"92":4,"93":4,"94":4,"95":4,"96":4,"97":4,"98":1,"99":1,"100":2,"101":2,"103":2,"105":1,"106":1,"107":1,"108":1,"109":1,"110":1,"111":1,"112":1,"113":1,"114":1,"115":1},"branchMap":{"0":{"type":"branch","line":10,"loc":{"start":{"line":10,"column":0},"end":{"line":104,"column":1}},"locations":[{"start":{"line":10,"column":0},"end":{"line":104,"column":1}}]},"1":{"type":"branch","line":12,"loc":{"start":{"line":12,"column":21},"end":{"line":19,"column":4}},"locations":[{"start":{"line":12,"column":21},"end":{"line":19,"column":4}}]},"2":{"type":"branch","line":16,"loc":{"start":{"line":16,"column":4},"end":{"line":18,"column":5}},"locations":[{"start":{"line":16,"column":4},"end":{"line":18,"column":5}}]},"3":{"type":"branch","line":22,"loc":{"start":{"line":22,"column":21},"end":{"line":29,"column":4}},"locations":[{"start":{"line":22,"column":21},"end":{"line":29,"column":4}}]},"4":{"type":"branch","line":32,"loc":{"start":{"line":32,"column":42},"end":{"line":39,"column":5}},"locations":[{"start":{"line":32,"column":42},"end":{"line":39,"column":5}}]},"5":{"type":"branch","line":34,"loc":{"start":{"line":34,"column":20},"end":{"line":36,"column":5}},"locations":[{"start":{"line":34,"column":20},"end":{"line":36,"column":5}}]},"6":{"type":"branch","line":43,"loc":{"start":{"line":43,"column":43},"end":{"line":100,"column":14}},"locations":[{"start":{"line":43,"column":43},"end":{"line":100,"column":14}}]},"7":{"type":"branch","line":67,"loc":{"start":{"line":67,"column":28},"end":{"line":98,"column":18}},"locations":[{"start":{"line":67,"column":28},"end":{"line":98,"column":18}}]}},"b":{"0":[2],"1":[4],"2":[0],"3":[1],"4":[4],"5":[1],"6":[1],"7":[4]},"fnMap":{"0":{"name":"MessageList","decl":{"start":{"line":10,"column":0},"end":{"line":104,"column":1}},"loc":{"start":{"line":10,"column":0},"end":{"line":104,"column":1}},"line":10},"1":{"name":"formatTime","decl":{"start":{"line":12,"column":21},"end":{"line":19,"column":4}},"loc":{"start":{"line":12,"column":21},"end":{"line":19,"column":4}},"line":12},"2":{"name":"formatDate","decl":{"start":{"line":22,"column":21},"end":{"line":29,"column":4}},"loc":{"start":{"line":22,"column":21},"end":{"line":29,"column":4}},"line":22}},"f":{"0":2,"1":4,"2":1}}
,"/Users/ericanderson/cse186/Assignment8/frontend/src/context/WorkspaceContext.jsx": {"path":"/Users/ericanderson/cse186/Assignment8/frontend/src/context/WorkspaceContext.jsx","all":false,"statementMap":{"0":{"start":{"line":1,"column":0},"end":{"line":1,"column":65}},"1":{"start":{"line":2,"column":0},"end":{"line":2,"column":35}},"4":{"start":{"line":5,"column":0},"end":{"line":5,"column":41}},"10":{"start":{"line":11,"column":0},"end":{"line":11,"column":35}},"11":{"start":{"line":12,"column":0},"end":{"line":12,"column":38}},"12":{"start":{"line":13,"column":0},"end":{"line":13,"column":2}},"20":{"start":{"line":21,"column":0},"end":{"line":21,"column":50}},"21":{"start":{"line":22,"column":0},"end":{"line":22,"column":65}},"22":{"start":{"line":23,"column":0},"end":{"line":23,"column":61}},"23":{"start":{"line":24,"column":0},"end":{"line":24,"column":55}},"25":{"start":{"line":26,"column":0},"end":{"line":26,"column":17}},"26":{"start":{"line":27,"column":0},"end":{"line":27,"column":21}},"27":{"start":{"line":28,"column":0},"end":{"line":28,"column":24}},"28":{"start":{"line":29,"column":0},"end":{"line":29,"column":19}},"29":{"start":{"line":30,"column":0},"end":{"line":30,"column":22}},"30":{"start":{"line":31,"column":0},"end":{"line":31,"column":16}},"31":{"start":{"line":32,"column":0},"end":{"line":32,"column":19}},"32":{"start":{"line":33,"column":0},"end":{"line":33,"column":4}},"34":{"start":{"line":35,"column":0},"end":{"line":35,"column":10}},"35":{"start":{"line":36,"column":0},"end":{"line":36,"column":45}},"36":{"start":{"line":37,"column":0},"end":{"line":37,"column":16}},"37":{"start":{"line":38,"column":0},"end":{"line":38,"column":32}},"39":{"start":{"line":40,"column":0},"end":{"line":40,"column":2}},"41":{"start":{"line":42,"column":0},"end":{"line":42,"column":31}},"42":{"start":{"line":43,"column":0},"end":{"line":43,"column":38}},"43":{"start":{"line":44,"column":0},"end":{"line":44,"column":2}},"45":{"start":{"line":46,"column":0},"end":{"line":46,"column":32}}},"s":{"0":1,"1":1,"4":1,"10":1,"11":67,"12":67,"20":1,"21":16,"22":16,"23":16,"25":16,"26":16,"27":16,"28":16,"29":16,"30":16,"31":16,"32":16,"34":16,"35":16,"36":16,"37":16,"39":16,"41":1,"42":1,"43":1,"45":1},"branchMap":{"0":{"type":"branch","line":11,"loc":{"start":{"line":11,"column":28},"end":{"line":13,"column":2}},"locations":[{"start":{"line":11,"column":28},"end":{"line":13,"column":2}}]},"1":{"type":"branch","line":21,"loc":{"start":{"line":21,"column":33},"end":{"line":40,"column":2}},"locations":[{"start":{"line":21,"column":33},"end":{"line":40,"column":2}}]}},"b":{"0":[67],"1":[16]},"fnMap":{"0":{"name":"useWorkspace","decl":{"start":{"line":11,"column":28},"end":{"line":13,"column":2}},"loc":{"start":{"line":11,"column":28},"end":{"line":13,"column":2}},"line":11},"1":{"name":"WorkspaceProvider","decl":{"start":{"line":21,"column":33},"end":{"line":40,"column":2}},"loc":{"start":{"line":21,"column":33},"end":{"line":40,"column":2}},"line":21}},"f":{"0":67,"1":16}}
}
