{"/Users/ericanderson/cse186/Assignment8/backend/src/app.js": {"path":"/Users/ericanderson/cse186/Assignment8/backend/src/app.js","all":false,"statementMap":{"0":{"start":{"line":1,"column":0},"end":{"line":1,"column":2}},"1":{"start":{"line":2,"column":0},"end":{"line":2,"column":71}},"2":{"start":{"line":3,"column":0},"end":{"line":3,"column":1}},"3":{"start":{"line":4,"column":0},"end":{"line":4,"column":64}},"4":{"start":{"line":5,"column":0},"end":{"line":5,"column":1}},"5":{"start":{"line":6,"column":0},"end":{"line":6,"column":67}},"6":{"start":{"line":7,"column":0},"end":{"line":7,"column":57}},"7":{"start":{"line":8,"column":0},"end":{"line":8,"column":1}},"8":{"start":{"line":9,"column":0},"end":{"line":9,"column":71}},"9":{"start":{"line":10,"column":0},"end":{"line":10,"column":2}},"10":{"start":{"line":11,"column":0},"end":{"line":11,"column":30}},"11":{"start":{"line":12,"column":0},"end":{"line":12,"column":24}},"12":{"start":{"line":13,"column":0},"end":{"line":13,"column":27}},"13":{"start":{"line":14,"column":0},"end":{"line":14,"column":43}},"14":{"start":{"line":15,"column":0},"end":{"line":15,"column":20}},"15":{"start":{"line":16,"column":0},"end":{"line":16,"column":29}},"16":{"start":{"line":17,"column":0},"end":{"line":17,"column":57}},"17":{"start":{"line":18,"column":0},"end":{"line":18,"column":39}},"19":{"start":{"line":20,"column":0},"end":{"line":20,"column":50}},"20":{"start":{"line":21,"column":0},"end":{"line":21,"column":43}},"22":{"start":{"line":23,"column":0},"end":{"line":23,"column":34}},"23":{"start":{"line":24,"column":0},"end":{"line":24,"column":38}},"25":{"start":{"line":26,"column":0},"end":{"line":26,"column":22}},"26":{"start":{"line":27,"column":0},"end":{"line":27,"column":24}},"27":{"start":{"line":28,"column":0},"end":{"line":28,"column":47}},"29":{"start":{"line":30,"column":0},"end":{"line":30,"column":60}},"31":{"start":{"line":32,"column":0},"end":{"line":32,"column":59}},"32":{"start":{"line":33,"column":0},"end":{"line":33,"column":66}},"34":{"start":{"line":35,"column":0},"end":{"line":35,"column":67}},"35":{"start":{"line":36,"column":0},"end":{"line":36,"column":49}},"37":{"start":{"line":38,"column":0},"end":{"line":38,"column":8}},"38":{"start":{"line":39,"column":0},"end":{"line":39,"column":33}},"39":{"start":{"line":40,"column":0},"end":{"line":40,"column":23}},"40":{"start":{"line":41,"column":0},"end":{"line":41,"column":29}},"41":{"start":{"line":42,"column":0},"end":{"line":42,"column":30}},"42":{"start":{"line":43,"column":0},"end":{"line":43,"column":7}},"43":{"start":{"line":44,"column":0},"end":{"line":44,"column":2}},"45":{"start":{"line":46,"column":0},"end":{"line":46,"column":24}},"46":{"start":{"line":47,"column":0},"end":{"line":47,"column":38}},"47":{"start":{"line":48,"column":0},"end":{"line":48,"column":44}},"49":{"start":{"line":50,"column":0},"end":{"line":50,"column":47}},"50":{"start":{"line":51,"column":0},"end":{"line":51,"column":67}},"51":{"start":{"line":52,"column":0},"end":{"line":52,"column":64}},"52":{"start":{"line":53,"column":0},"end":{"line":53,"column":78}},"53":{"start":{"line":54,"column":0},"end":{"line":54,"column":78}},"54":{"start":{"line":55,"column":0},"end":{"line":55,"column":53}},"55":{"start":{"line":56,"column":0},"end":{"line":56,"column":78}},"56":{"start":{"line":57,"column":0},"end":{"line":57,"column":75}},"57":{"start":{"line":58,"column":0},"end":{"line":58,"column":50}},"58":{"start":{"line":59,"column":0},"end":{"line":59,"column":69}},"59":{"start":{"line":60,"column":0},"end":{"line":60,"column":26}},"60":{"start":{"line":61,"column":0},"end":{"line":61,"column":47}},"61":{"start":{"line":62,"column":0},"end":{"line":62,"column":43}},"62":{"start":{"line":63,"column":0},"end":{"line":63,"column":73}},"63":{"start":{"line":64,"column":0},"end":{"line":64,"column":34}},"64":{"start":{"line":65,"column":0},"end":{"line":65,"column":48}},"65":{"start":{"line":66,"column":0},"end":{"line":66,"column":43}},"66":{"start":{"line":67,"column":0},"end":{"line":67,"column":39}},"67":{"start":{"line":68,"column":0},"end":{"line":68,"column":38}},"69":{"start":{"line":70,"column":0},"end":{"line":70,"column":34}},"70":{"start":{"line":71,"column":0},"end":{"line":71,"column":31}},"71":{"start":{"line":72,"column":0},"end":{"line":72,"column":25}},"72":{"start":{"line":73,"column":0},"end":{"line":73,"column":23}},"73":{"start":{"line":74,"column":0},"end":{"line":74,"column":23}},"74":{"start":{"line":75,"column":0},"end":{"line":75,"column":5}},"75":{"start":{"line":76,"column":0},"end":{"line":76,"column":3}},"77":{"start":{"line":78,"column":0},"end":{"line":78,"column":19}}},"s":{"0":1,"1":1,"2":1,"3":1,"4":1,"5":1,"6":1,"7":1,"8":1,"9":1,"10":1,"11":1,"12":1,"13":1,"14":1,"15":1,"16":1,"17":1,"19":1,"20":1,"22":1,"23":1,"25":1,"26":1,"27":1,"29":1,"31":1,"32":1,"34":1,"35":1,"37":1,"38":1,"39":1,"40":1,"41":1,"42":1,"43":1,"45":1,"46":1,"47":1,"49":1,"50":1,"51":1,"52":1,"53":1,"54":1,"55":1,"56":1,"57":1,"58":1,"59":1,"60":1,"61":1,"62":1,"63":1,"64":1,"65":1,"66":1,"67":1,"69":1,"70":4,"71":4,"72":4,"73":4,"74":4,"75":1,"77":1},"branchMap":{"0":{"type":"branch","line":70,"loc":{"start":{"line":70,"column":8},"end":{"line":76,"column":2}},"locations":[{"start":{"line":70,"column":8},"end":{"line":76,"column":2}}]}},"b":{"0":[4]},"fnMap":{},"f":{}}
,"/Users/ericanderson/cse186/Assignment8/backend/src/auth.js": {"path":"/Users/ericanderson/cse186/Assignment8/backend/src/auth.js","all":false,"statementMap":{"0":{"start":{"line":1,"column":0},"end":{"line":1,"column":31}},"1":{"start":{"line":2,"column":0},"end":{"line":2,"column":28}},"2":{"start":{"line":3,"column":0},"end":{"line":3,"column":28}},"3":{"start":{"line":4,"column":0},"end":{"line":4,"column":32}},"4":{"start":{"line":5,"column":0},"end":{"line":5,"column":42}},"5":{"start":{"line":6,"column":0},"end":{"line":6,"column":20}},"7":{"start":{"line":8,"column":0},"end":{"line":8,"column":53}},"8":{"start":{"line":9,"column":0},"end":{"line":9,"column":46}},"10":{"start":{"line":11,"column":0},"end":{"line":11,"column":16}},"12":{"start":{"line":13,"column":0},"end":{"line":13,"column":46}},"13":{"start":{"line":14,"column":0},"end":{"line":14,"column":49}},"14":{"start":{"line":15,"column":0},"end":{"line":15,"column":41}},"15":{"start":{"line":16,"column":0},"end":{"line":16,"column":38}},"16":{"start":{"line":17,"column":0},"end":{"line":17,"column":4}},"17":{"start":{"line":18,"column":0},"end":{"line":18,"column":39}},"19":{"start":{"line":20,"column":0},"end":{"line":20,"column":26}},"20":{"start":{"line":21,"column":0},"end":{"line":21,"column":20}},"21":{"start":{"line":22,"column":0},"end":{"line":22,"column":13}},"22":{"start":{"line":23,"column":0},"end":{"line":23,"column":19}},"23":{"start":{"line":24,"column":0},"end":{"line":24,"column":34}},"24":{"start":{"line":25,"column":0},"end":{"line":25,"column":42}},"25":{"start":{"line":26,"column":0},"end":{"line":26,"column":3}},"27":{"start":{"line":28,"column":0},"end":{"line":28,"column":3}},"28":{"start":{"line":29,"column":0},"end":{"line":29,"column":45}},"29":{"start":{"line":30,"column":0},"end":{"line":30,"column":47}},"30":{"start":{"line":31,"column":0},"end":{"line":31,"column":48}},"31":{"start":{"line":32,"column":0},"end":{"line":32,"column":69}},"32":{"start":{"line":33,"column":0},"end":{"line":33,"column":3}},"33":{"start":{"line":34,"column":0},"end":{"line":34,"column":39}},"34":{"start":{"line":35,"column":0},"end":{"line":35,"column":37}},"36":{"start":{"line":37,"column":0},"end":{"line":37,"column":34}},"37":{"start":{"line":38,"column":0},"end":{"line":38,"column":63}},"38":{"start":{"line":39,"column":0},"end":{"line":39,"column":14}},"39":{"start":{"line":40,"column":0},"end":{"line":40,"column":4}},"41":{"start":{"line":42,"column":0},"end":{"line":42,"column":33}},"42":{"start":{"line":43,"column":0},"end":{"line":43,"column":64}},"43":{"start":{"line":44,"column":0},"end":{"line":44,"column":3}},"45":{"start":{"line":46,"column":0},"end":{"line":46,"column":35}},"47":{"start":{"line":48,"column":0},"end":{"line":48,"column":48}},"48":{"start":{"line":49,"column":0},"end":{"line":49,"column":33}},"49":{"start":{"line":50,"column":0},"end":{"line":50,"column":68}},"50":{"start":{"line":51,"column":0},"end":{"line":51,"column":29}},"51":{"start":{"line":52,"column":0},"end":{"line":52,"column":27}},"52":{"start":{"line":53,"column":0},"end":{"line":53,"column":29}},"53":{"start":{"line":54,"column":0},"end":{"line":54,"column":11}},"54":{"start":{"line":55,"column":0},"end":{"line":55,"column":42}},"55":{"start":{"line":56,"column":0},"end":{"line":56,"column":31}},"56":{"start":{"line":57,"column":0},"end":{"line":57,"column":28}},"57":{"start":{"line":58,"column":0},"end":{"line":58,"column":7}},"58":{"start":{"line":59,"column":0},"end":{"line":59,"column":10}},"59":{"start":{"line":60,"column":0},"end":{"line":60,"column":48}},"60":{"start":{"line":61,"column":0},"end":{"line":61,"column":3}},"61":{"start":{"line":62,"column":0},"end":{"line":62,"column":1}},"63":{"start":{"line":64,"column":0},"end":{"line":64,"column":3}},"64":{"start":{"line":65,"column":0},"end":{"line":65,"column":33}},"65":{"start":{"line":66,"column":0},"end":{"line":66,"column":47}},"66":{"start":{"line":67,"column":0},"end":{"line":67,"column":48}},"67":{"start":{"line":68,"column":0},"end":{"line":68,"column":58}},"68":{"start":{"line":69,"column":0},"end":{"line":69,"column":75}},"69":{"start":{"line":70,"column":0},"end":{"line":70,"column":3}},"70":{"start":{"line":71,"column":0},"end":{"line":71,"column":45}},"71":{"start":{"line":72,"column":0},"end":{"line":72,"column":47}},"73":{"start":{"line":74,"column":0},"end":{"line":74,"column":41}},"75":{"start":{"line":76,"column":0},"end":{"line":76,"column":56}},"76":{"start":{"line":77,"column":0},"end":{"line":77,"column":21}},"77":{"start":{"line":78,"column":0},"end":{"line":78,"column":72}},"78":{"start":{"line":79,"column":0},"end":{"line":79,"column":70}},"79":{"start":{"line":80,"column":0},"end":{"line":80,"column":13}},"80":{"start":{"line":81,"column":0},"end":{"line":81,"column":67}},"81":{"start":{"line":82,"column":0},"end":{"line":82,"column":33}},"82":{"start":{"line":83,"column":0},"end":{"line":83,"column":3}},"84":{"start":{"line":85,"column":0},"end":{"line":85,"column":66}},"85":{"start":{"line":86,"column":0},"end":{"line":86,"column":33}},"86":{"start":{"line":87,"column":0},"end":{"line":87,"column":3}},"87":{"start":{"line":88,"column":0},"end":{"line":88,"column":9}},"88":{"start":{"line":89,"column":0},"end":{"line":89,"column":1}},"90":{"start":{"line":91,"column":0},"end":{"line":91,"column":3}},"91":{"start":{"line":92,"column":0},"end":{"line":92,"column":29}},"92":{"start":{"line":93,"column":0},"end":{"line":93,"column":47}},"93":{"start":{"line":94,"column":0},"end":{"line":94,"column":48}},"94":{"start":{"line":95,"column":0},"end":{"line":95,"column":79}},"95":{"start":{"line":96,"column":0},"end":{"line":96,"column":3}},"96":{"start":{"line":97,"column":0},"end":{"line":97,"column":42}},"97":{"start":{"line":98,"column":0},"end":{"line":98,"column":58}},"99":{"start":{"line":100,"column":0},"end":{"line":100,"column":33}},"100":{"start":{"line":101,"column":0},"end":{"line":101,"column":40}},"101":{"start":{"line":102,"column":0},"end":{"line":102,"column":59}},"102":{"start":{"line":103,"column":0},"end":{"line":103,"column":14}},"103":{"start":{"line":104,"column":0},"end":{"line":104,"column":4}},"105":{"start":{"line":106,"column":0},"end":{"line":106,"column":37}},"106":{"start":{"line":107,"column":0},"end":{"line":107,"column":26}},"107":{"start":{"line":108,"column":0},"end":{"line":108,"column":62}},"108":{"start":{"line":109,"column":0},"end":{"line":109,"column":3}},"110":{"start":{"line":111,"column":0},"end":{"line":111,"column":18}},"111":{"start":{"line":112,"column":0},"end":{"line":112,"column":48}},"112":{"start":{"line":113,"column":0},"end":{"line":113,"column":51}},"114":{"start":{"line":115,"column":0},"end":{"line":115,"column":23}},"115":{"start":{"line":116,"column":0},"end":{"line":116,"column":20}},"116":{"start":{"line":117,"column":0},"end":{"line":117,"column":10}},"117":{"start":{"line":118,"column":0},"end":{"line":118,"column":29}},"118":{"start":{"line":119,"column":0},"end":{"line":119,"column":9}},"119":{"start":{"line":120,"column":0},"end":{"line":120,"column":9}},"120":{"start":{"line":121,"column":0},"end":{"line":121,"column":40}},"121":{"start":{"line":122,"column":0},"end":{"line":122,"column":27}},"122":{"start":{"line":123,"column":0},"end":{"line":123,"column":25}},"123":{"start":{"line":124,"column":0},"end":{"line":124,"column":18}},"124":{"start":{"line":125,"column":0},"end":{"line":125,"column":4}},"126":{"start":{"line":127,"column":0},"end":{"line":127,"column":30}},"127":{"start":{"line":128,"column":0},"end":{"line":128,"column":19}},"128":{"start":{"line":129,"column":0},"end":{"line":129,"column":45}},"129":{"start":{"line":130,"column":0},"end":{"line":130,"column":17}},"130":{"start":{"line":131,"column":0},"end":{"line":131,"column":4}},"132":{"start":{"line":133,"column":0},"end":{"line":133,"column":66}},"133":{"start":{"line":134,"column":0},"end":{"line":134,"column":1}},"135":{"start":{"line":136,"column":0},"end":{"line":136,"column":3}},"136":{"start":{"line":137,"column":0},"end":{"line":137,"column":33}},"137":{"start":{"line":138,"column":0},"end":{"line":138,"column":49}},"138":{"start":{"line":139,"column":0},"end":{"line":139,"column":48}},"139":{"start":{"line":140,"column":0},"end":{"line":140,"column":3}},"140":{"start":{"line":141,"column":0},"end":{"line":141,"column":33}},"141":{"start":{"line":142,"column":0},"end":{"line":142,"column":54}},"142":{"start":{"line":143,"column":0},"end":{"line":143,"column":21}},"143":{"start":{"line":144,"column":0},"end":{"line":144,"column":70}},"144":{"start":{"line":145,"column":0},"end":{"line":145,"column":27}},"145":{"start":{"line":146,"column":0},"end":{"line":146,"column":1}},"147":{"start":{"line":148,"column":0},"end":{"line":148,"column":3}},"148":{"start":{"line":149,"column":0},"end":{"line":149,"column":42}},"149":{"start":{"line":150,"column":0},"end":{"line":150,"column":59}},"150":{"start":{"line":151,"column":0},"end":{"line":151,"column":66}},"151":{"start":{"line":152,"column":0},"end":{"line":152,"column":48}},"152":{"start":{"line":153,"column":0},"end":{"line":153,"column":3}},"153":{"start":{"line":154,"column":0},"end":{"line":154,"column":51}},"154":{"start":{"line":155,"column":0},"end":{"line":155,"column":55}},"155":{"start":{"line":156,"column":0},"end":{"line":156,"column":21}},"156":{"start":{"line":157,"column":0},"end":{"line":157,"column":70}},"157":{"start":{"line":158,"column":0},"end":{"line":158,"column":29}},"158":{"start":{"line":159,"column":0},"end":{"line":159,"column":1}},"160":{"start":{"line":161,"column":0},"end":{"line":161,"column":29}},"161":{"start":{"line":162,"column":0},"end":{"line":162,"column":6}},"162":{"start":{"line":163,"column":0},"end":{"line":163,"column":29}},"163":{"start":{"line":164,"column":0},"end":{"line":164,"column":50}},"164":{"start":{"line":165,"column":0},"end":{"line":165,"column":51}},"165":{"start":{"line":166,"column":0},"end":{"line":166,"column":30}},"166":{"start":{"line":167,"column":0},"end":{"line":167,"column":55}},"167":{"start":{"line":168,"column":0},"end":{"line":168,"column":6}},"168":{"start":{"line":169,"column":0},"end":{"line":169,"column":52}},"169":{"start":{"line":170,"column":0},"end":{"line":170,"column":42}},"170":{"start":{"line":171,"column":0},"end":{"line":171,"column":32}},"172":{"start":{"line":173,"column":0},"end":{"line":173,"column":28}},"173":{"start":{"line":174,"column":0},"end":{"line":174,"column":12}},"174":{"start":{"line":175,"column":0},"end":{"line":175,"column":19}},"175":{"start":{"line":176,"column":0},"end":{"line":176,"column":43}},"176":{"start":{"line":177,"column":0},"end":{"line":177,"column":7}},"178":{"start":{"line":179,"column":0},"end":{"line":179,"column":37}},"179":{"start":{"line":180,"column":0},"end":{"line":180,"column":79}},"180":{"start":{"line":181,"column":0},"end":{"line":181,"column":33}},"181":{"start":{"line":182,"column":0},"end":{"line":182,"column":7}},"182":{"start":{"line":183,"column":0},"end":{"line":183,"column":47}},"183":{"start":{"line":184,"column":0},"end":{"line":184,"column":43}},"184":{"start":{"line":185,"column":0},"end":{"line":185,"column":22}},"185":{"start":{"line":186,"column":0},"end":{"line":186,"column":79}},"186":{"start":{"line":187,"column":0},"end":{"line":187,"column":31}},"187":{"start":{"line":188,"column":0},"end":{"line":188,"column":7}},"189":{"start":{"line":190,"column":0},"end":{"line":190,"column":71}},"190":{"start":{"line":191,"column":0},"end":{"line":191,"column":5}},"192":{"start":{"line":193,"column":0},"end":{"line":193,"column":28}},"193":{"start":{"line":194,"column":0},"end":{"line":194,"column":6}},"194":{"start":{"line":195,"column":0},"end":{"line":195,"column":36}},"195":{"start":{"line":196,"column":0},"end":{"line":196,"column":50}},"196":{"start":{"line":197,"column":0},"end":{"line":197,"column":51}},"197":{"start":{"line":198,"column":0},"end":{"line":198,"column":30}},"198":{"start":{"line":199,"column":0},"end":{"line":199,"column":55}},"199":{"start":{"line":200,"column":0},"end":{"line":200,"column":6}},"200":{"start":{"line":201,"column":0},"end":{"line":201,"column":50}},"201":{"start":{"line":202,"column":0},"end":{"line":202,"column":59}},"202":{"start":{"line":203,"column":0},"end":{"line":203,"column":32}},"204":{"start":{"line":205,"column":0},"end":{"line":205,"column":40}},"205":{"start":{"line":206,"column":0},"end":{"line":206,"column":57}},"206":{"start":{"line":207,"column":0},"end":{"line":207,"column":20}},"207":{"start":{"line":208,"column":0},"end":{"line":208,"column":26}},"208":{"start":{"line":209,"column":0},"end":{"line":209,"column":24}},"209":{"start":{"line":210,"column":0},"end":{"line":210,"column":61}},"210":{"start":{"line":211,"column":0},"end":{"line":211,"column":46}},"211":{"start":{"line":212,"column":0},"end":{"line":212,"column":7}},"212":{"start":{"line":213,"column":0},"end":{"line":213,"column":54}},"214":{"start":{"line":215,"column":0},"end":{"line":215,"column":39}},"215":{"start":{"line":216,"column":0},"end":{"line":216,"column":5}},"217":{"start":{"line":218,"column":0},"end":{"line":218,"column":35}},"218":{"start":{"line":219,"column":0},"end":{"line":219,"column":6}},"219":{"start":{"line":220,"column":0},"end":{"line":220,"column":32}},"220":{"start":{"line":221,"column":0},"end":{"line":221,"column":50}},"221":{"start":{"line":222,"column":0},"end":{"line":222,"column":51}},"222":{"start":{"line":223,"column":0},"end":{"line":223,"column":30}},"223":{"start":{"line":224,"column":0},"end":{"line":224,"column":55}},"224":{"start":{"line":225,"column":0},"end":{"line":225,"column":6}},"225":{"start":{"line":226,"column":0},"end":{"line":226,"column":55}},"226":{"start":{"line":227,"column":0},"end":{"line":227,"column":44}},"228":{"start":{"line":229,"column":0},"end":{"line":229,"column":22}},"229":{"start":{"line":230,"column":0},"end":{"line":230,"column":79}},"230":{"start":{"line":231,"column":0},"end":{"line":231,"column":31}},"231":{"start":{"line":232,"column":0},"end":{"line":232,"column":7}},"233":{"start":{"line":234,"column":0},"end":{"line":234,"column":77}},"234":{"start":{"line":235,"column":0},"end":{"line":235,"column":5}},"236":{"start":{"line":237,"column":0},"end":{"line":237,"column":47}},"237":{"start":{"line":238,"column":0},"end":{"line":238,"column":6}},"238":{"start":{"line":239,"column":0},"end":{"line":239,"column":36}},"239":{"start":{"line":240,"column":0},"end":{"line":240,"column":50}},"240":{"start":{"line":241,"column":0},"end":{"line":241,"column":51}},"241":{"start":{"line":242,"column":0},"end":{"line":242,"column":30}},"242":{"start":{"line":243,"column":0},"end":{"line":243,"column":55}},"243":{"start":{"line":244,"column":0},"end":{"line":244,"column":6}},"244":{"start":{"line":245,"column":0},"end":{"line":245,"column":57}},"245":{"start":{"line":246,"column":0},"end":{"line":246,"column":38}},"247":{"start":{"line":248,"column":0},"end":{"line":248,"column":37}},"248":{"start":{"line":249,"column":0},"end":{"line":249,"column":29}},"249":{"start":{"line":250,"column":0},"end":{"line":250,"column":33}},"250":{"start":{"line":251,"column":0},"end":{"line":251,"column":43}},"251":{"start":{"line":252,"column":0},"end":{"line":252,"column":38}},"252":{"start":{"line":253,"column":0},"end":{"line":253,"column":23}},"253":{"start":{"line":254,"column":0},"end":{"line":254,"column":7}},"255":{"start":{"line":256,"column":0},"end":{"line":256,"column":39}},"256":{"start":{"line":257,"column":0},"end":{"line":257,"column":5}},"258":{"start":{"line":259,"column":0},"end":{"line":259,"column":38}},"259":{"start":{"line":260,"column":0},"end":{"line":260,"column":6}},"260":{"start":{"line":261,"column":0},"end":{"line":261,"column":27}},"261":{"start":{"line":262,"column":0},"end":{"line":262,"column":50}},"262":{"start":{"line":263,"column":0},"end":{"line":263,"column":51}},"263":{"start":{"line":264,"column":0},"end":{"line":264,"column":30}},"264":{"start":{"line":265,"column":0},"end":{"line":265,"column":55}},"265":{"start":{"line":266,"column":0},"end":{"line":266,"column":6}},"266":{"start":{"line":267,"column":0},"end":{"line":267,"column":50}},"267":{"start":{"line":268,"column":0},"end":{"line":268,"column":62}},"269":{"start":{"line":270,"column":0},"end":{"line":270,"column":26}},"270":{"start":{"line":271,"column":0},"end":{"line":271,"column":12}},"271":{"start":{"line":272,"column":0},"end":{"line":272,"column":19}},"272":{"start":{"line":273,"column":0},"end":{"line":273,"column":13}},"273":{"start":{"line":274,"column":0},"end":{"line":274,"column":43}},"274":{"start":{"line":275,"column":0},"end":{"line":275,"column":7}},"276":{"start":{"line":277,"column":0},"end":{"line":277,"column":22}},"277":{"start":{"line":278,"column":0},"end":{"line":278,"column":69}},"278":{"start":{"line":279,"column":0},"end":{"line":279,"column":36}},"279":{"start":{"line":280,"column":0},"end":{"line":280,"column":7}},"281":{"start":{"line":282,"column":0},"end":{"line":282,"column":69}},"282":{"start":{"line":283,"column":0},"end":{"line":283,"column":5}},"284":{"start":{"line":285,"column":0},"end":{"line":285,"column":37}},"285":{"start":{"line":286,"column":0},"end":{"line":286,"column":6}},"286":{"start":{"line":287,"column":0},"end":{"line":287,"column":39}},"287":{"start":{"line":288,"column":0},"end":{"line":288,"column":50}},"288":{"start":{"line":289,"column":0},"end":{"line":289,"column":51}},"289":{"start":{"line":290,"column":0},"end":{"line":290,"column":30}},"290":{"start":{"line":291,"column":0},"end":{"line":291,"column":55}},"291":{"start":{"line":292,"column":0},"end":{"line":292,"column":6}},"292":{"start":{"line":293,"column":0},"end":{"line":293,"column":48}},"293":{"start":{"line":294,"column":0},"end":{"line":294,"column":37}},"295":{"start":{"line":296,"column":0},"end":{"line":296,"column":37}},"296":{"start":{"line":297,"column":0},"end":{"line":297,"column":65}},"297":{"start":{"line":298,"column":0},"end":{"line":298,"column":23}},"298":{"start":{"line":299,"column":0},"end":{"line":299,"column":7}},"300":{"start":{"line":301,"column":0},"end":{"line":301,"column":39}},"301":{"start":{"line":302,"column":0},"end":{"line":302,"column":5}},"303":{"start":{"line":304,"column":0},"end":{"line":304,"column":47}},"304":{"start":{"line":305,"column":0},"end":{"line":305,"column":6}},"305":{"start":{"line":306,"column":0},"end":{"line":306,"column":27}},"306":{"start":{"line":307,"column":0},"end":{"line":307,"column":50}},"307":{"start":{"line":308,"column":0},"end":{"line":308,"column":51}},"308":{"start":{"line":309,"column":0},"end":{"line":309,"column":30}},"309":{"start":{"line":310,"column":0},"end":{"line":310,"column":55}},"310":{"start":{"line":311,"column":0},"end":{"line":311,"column":6}},"311":{"start":{"line":312,"column":0},"end":{"line":312,"column":50}},"312":{"start":{"line":313,"column":0},"end":{"line":313,"column":51}},"314":{"start":{"line":315,"column":0},"end":{"line":315,"column":26}},"315":{"start":{"line":316,"column":0},"end":{"line":316,"column":15}},"316":{"start":{"line":317,"column":0},"end":{"line":317,"column":77}},"317":{"start":{"line":318,"column":0},"end":{"line":318,"column":43}},"318":{"start":{"line":319,"column":0},"end":{"line":319,"column":7}},"320":{"start":{"line":321,"column":0},"end":{"line":321,"column":22}},"321":{"start":{"line":322,"column":0},"end":{"line":322,"column":67}},"322":{"start":{"line":323,"column":0},"end":{"line":323,"column":34}},"323":{"start":{"line":324,"column":0},"end":{"line":324,"column":7}},"325":{"start":{"line":326,"column":0},"end":{"line":326,"column":69}},"326":{"start":{"line":327,"column":0},"end":{"line":327,"column":5}},"328":{"start":{"line":329,"column":0},"end":{"line":329,"column":57}},"329":{"start":{"line":330,"column":0},"end":{"line":330,"column":6}},"330":{"start":{"line":331,"column":0},"end":{"line":331,"column":37}},"331":{"start":{"line":332,"column":0},"end":{"line":332,"column":50}},"332":{"start":{"line":333,"column":0},"end":{"line":333,"column":51}},"333":{"start":{"line":334,"column":0},"end":{"line":334,"column":30}},"334":{"start":{"line":335,"column":0},"end":{"line":335,"column":55}},"335":{"start":{"line":336,"column":0},"end":{"line":336,"column":6}},"336":{"start":{"line":337,"column":0},"end":{"line":337,"column":48}},"337":{"start":{"line":338,"column":0},"end":{"line":338,"column":36}},"339":{"start":{"line":340,"column":0},"end":{"line":340,"column":37}},"340":{"start":{"line":341,"column":0},"end":{"line":341,"column":59}},"341":{"start":{"line":342,"column":0},"end":{"line":342,"column":21}},"342":{"start":{"line":343,"column":0},"end":{"line":343,"column":7}},"344":{"start":{"line":345,"column":0},"end":{"line":345,"column":39}},"345":{"start":{"line":346,"column":0},"end":{"line":346,"column":5}},"347":{"start":{"line":348,"column":0},"end":{"line":348,"column":23}},"348":{"start":{"line":349,"column":0},"end":{"line":349,"column":6}},"349":{"start":{"line":350,"column":0},"end":{"line":350,"column":52}},"350":{"start":{"line":351,"column":0},"end":{"line":351,"column":50}},"351":{"start":{"line":352,"column":0},"end":{"line":352,"column":51}},"352":{"start":{"line":353,"column":0},"end":{"line":353,"column":67}},"353":{"start":{"line":354,"column":0},"end":{"line":354,"column":6}},"354":{"start":{"line":355,"column":0},"end":{"line":355,"column":48}},"355":{"start":{"line":356,"column":0},"end":{"line":356,"column":37}},"356":{"start":{"line":357,"column":0},"end":{"line":357,"column":38}},"357":{"start":{"line":358,"column":0},"end":{"line":358,"column":7}},"359":{"start":{"line":360,"column":0},"end":{"line":360,"column":51}},"360":{"start":{"line":361,"column":0},"end":{"line":361,"column":45}},"361":{"start":{"line":362,"column":0},"end":{"line":362,"column":38}},"362":{"start":{"line":363,"column":0},"end":{"line":363,"column":32}},"363":{"start":{"line":364,"column":0},"end":{"line":364,"column":15}},"364":{"start":{"line":365,"column":0},"end":{"line":365,"column":20}},"365":{"start":{"line":366,"column":0},"end":{"line":366,"column":24}},"366":{"start":{"line":367,"column":0},"end":{"line":367,"column":9}},"367":{"start":{"line":368,"column":0},"end":{"line":368,"column":8}},"369":{"start":{"line":370,"column":0},"end":{"line":370,"column":33}},"370":{"start":{"line":371,"column":0},"end":{"line":371,"column":5}}},"s":{"0":1,"1":1,"2":1,"3":1,"4":1,"5":1,"7":1,"8":1,"10":1,"12":1,"13":1,"14":1,"15":1,"16":1,"17":1,"19":1,"20":1,"21":1,"22":1,"23":1,"24":1,"25":1,"27":1,"28":1,"29":1,"30":1,"31":1,"32":1,"33":1,"34":12,"36":12,"37":12,"38":12,"39":12,"41":12,"42":1,"43":1,"45":11,"47":12,"48":10,"49":10,"50":10,"51":10,"52":10,"53":10,"54":10,"55":10,"56":10,"57":10,"58":10,"59":1,"60":1,"61":12,"63":1,"64":1,"65":1,"66":1,"67":1,"68":1,"69":1,"70":1,"71":20,"73":20,"75":20,"76":20,"77":20,"78":20,"79":20,"80":20,"81":5,"82":5,"84":20,"85":7,"86":7,"87":20,"88":20,"90":1,"91":1,"92":1,"93":1,"94":1,"95":1,"96":1,"97":6,"99":6,"100":6,"101":6,"102":6,"103":6,"105":6,"106":1,"107":1,"108":1,"110":5,"111":5,"112":5,"114":5,"115":5,"116":5,"117":5,"118":5,"119":5,"120":5,"121":5,"122":5,"123":5,"124":5,"126":5,"127":5,"128":5,"129":5,"130":5,"132":5,"133":5,"135":1,"136":1,"137":1,"138":1,"139":1,"140":5,"141":5,"142":5,"143":5,"144":5,"145":5,"147":1,"148":1,"149":1,"150":1,"151":1,"152":1,"153":11,"154":11,"155":11,"156":11,"157":11,"158":11,"160":1,"161":1,"162":1,"163":1,"164":1,"165":1,"166":1,"167":1,"168":1,"169":1,"170":1,"172":1,"173":1,"174":1,"175":1,"176":1,"178":1,"179":1,"180":1,"181":1,"182":1,"183":1,"184":1,"185":1,"186":1,"187":1,"189":1,"190":1,"192":1,"193":1,"194":1,"195":1,"196":1,"197":1,"198":1,"199":1,"200":1,"201":1,"202":1,"204":1,"205":1,"206":1,"207":1,"208":1,"209":1,"210":1,"211":1,"212":1,"214":1,"215":1,"217":1,"218":1,"219":1,"220":1,"221":1,"222":1,"223":1,"224":1,"225":1,"226":1,"228":1,"229":1,"230":1,"231":1,"233":1,"234":1,"236":1,"237":1,"238":1,"239":1,"240":1,"241":1,"242":1,"243":1,"244":1,"245":1,"247":1,"248":1,"249":1,"250":1,"251":1,"252":1,"253":1,"255":1,"256":1,"258":1,"259":1,"260":1,"261":1,"262":1,"263":1,"264":1,"265":1,"266":1,"267":1,"269":1,"270":1,"271":1,"272":1,"273":1,"274":1,"276":1,"277":1,"278":1,"279":1,"281":1,"282":1,"284":1,"285":1,"286":1,"287":1,"288":1,"289":1,"290":1,"291":1,"292":1,"293":1,"295":1,"296":1,"297":1,"298":1,"300":1,"301":1,"303":1,"304":1,"305":1,"306":1,"307":1,"308":1,"309":1,"310":1,"311":1,"312":1,"314":1,"315":1,"316":1,"317":1,"318":1,"320":1,"321":1,"322":1,"323":1,"325":1,"326":1,"328":1,"329":1,"330":1,"331":1,"332":1,"333":1,"334":1,"335":1,"336":1,"337":1,"339":1,"340":1,"341":1,"342":1,"344":1,"345":1,"347":1,"348":1,"349":1,"350":1,"351":1,"352":1,"353":1,"354":1,"355":1,"356":1,"357":1,"359":1,"360":1,"361":1,"362":1,"363":1,"364":1,"365":1,"366":1,"367":1,"369":1,"370":1},"branchMap":{"0":{"type":"branch","line":34,"loc":{"start":{"line":34,"column":7},"end":{"line":62,"column":1}},"locations":[{"start":{"line":34,"column":7},"end":{"line":62,"column":1}}]},"1":{"type":"branch","line":42,"loc":{"start":{"line":42,"column":32},"end":{"line":44,"column":3}},"locations":[{"start":{"line":42,"column":32},"end":{"line":44,"column":3}}]},"2":{"type":"branch","line":44,"loc":{"start":{"line":44,"column":2},"end":{"line":48,"column":47}},"locations":[{"start":{"line":44,"column":2},"end":{"line":48,"column":47}}]},"3":{"type":"branch","line":48,"loc":{"start":{"line":48,"column":47},"end":{"line":61,"column":3}},"locations":[{"start":{"line":48,"column":47},"end":{"line":61,"column":3}}]},"4":{"type":"branch","line":59,"loc":{"start":{"line":59,"column":3},"end":{"line":61,"column":3}},"locations":[{"start":{"line":59,"column":3},"end":{"line":61,"column":3}}]},"5":{"type":"branch","line":71,"loc":{"start":{"line":71,"column":7},"end":{"line":89,"column":1}},"locations":[{"start":{"line":71,"column":7},"end":{"line":89,"column":1}}]},"6":{"type":"branch","line":81,"loc":{"start":{"line":81,"column":40},"end":{"line":81,"column":64}},"locations":[{"start":{"line":81,"column":40},"end":{"line":81,"column":64}}]},"7":{"type":"branch","line":81,"loc":{"start":{"line":81,"column":66},"end":{"line":83,"column":3}},"locations":[{"start":{"line":81,"column":66},"end":{"line":83,"column":3}}]},"8":{"type":"branch","line":85,"loc":{"start":{"line":85,"column":40},"end":{"line":85,"column":63}},"locations":[{"start":{"line":85,"column":40},"end":{"line":85,"column":63}}]},"9":{"type":"branch","line":85,"loc":{"start":{"line":85,"column":65},"end":{"line":87,"column":3}},"locations":[{"start":{"line":85,"column":65},"end":{"line":87,"column":3}}]},"10":{"type":"branch","line":97,"loc":{"start":{"line":97,"column":7},"end":{"line":134,"column":1}},"locations":[{"start":{"line":97,"column":7},"end":{"line":134,"column":1}}]},"11":{"type":"branch","line":106,"loc":{"start":{"line":106,"column":36},"end":{"line":109,"column":3}},"locations":[{"start":{"line":106,"column":36},"end":{"line":109,"column":3}}]},"12":{"type":"branch","line":109,"loc":{"start":{"line":109,"column":2},"end":{"line":134,"column":1}},"locations":[{"start":{"line":109,"column":2},"end":{"line":134,"column":1}}]},"13":{"type":"branch","line":141,"loc":{"start":{"line":141,"column":0},"end":{"line":146,"column":1}},"locations":[{"start":{"line":141,"column":0},"end":{"line":146,"column":1}}]},"14":{"type":"branch","line":154,"loc":{"start":{"line":154,"column":0},"end":{"line":159,"column":1}},"locations":[{"start":{"line":154,"column":0},"end":{"line":159,"column":1}}]}},"b":{"0":[12],"1":[1],"2":[11],"3":[10],"4":[1],"5":[20],"6":[12],"7":[5],"8":[12],"9":[7],"10":[6],"11":[1],"12":[5],"13":[5],"14":[11]},"fnMap":{"0":{"name":"login","decl":{"start":{"line":34,"column":7},"end":{"line":62,"column":1}},"loc":{"start":{"line":34,"column":7},"end":{"line":62,"column":1}},"line":34},"1":{"name":"check","decl":{"start":{"line":71,"column":7},"end":{"line":89,"column":1}},"loc":{"start":{"line":71,"column":7},"end":{"line":89,"column":1}},"line":71},"2":{"name":"register","decl":{"start":{"line":97,"column":7},"end":{"line":134,"column":1}},"loc":{"start":{"line":97,"column":7},"end":{"line":134,"column":1}},"line":97},"3":{"name":"hashPassword","decl":{"start":{"line":141,"column":0},"end":{"line":146,"column":1}},"loc":{"start":{"line":141,"column":0},"end":{"line":146,"column":1}},"line":141},"4":{"name":"verifyPassword","decl":{"start":{"line":154,"column":0},"end":{"line":159,"column":1}},"loc":{"start":{"line":154,"column":0},"end":{"line":159,"column":1}},"line":154}},"f":{"0":12,"1":20,"2":6,"3":5,"4":11}}
,"/Users/ericanderson/cse186/Assignment8/backend/src/routes.js": {"path":"/Users/ericanderson/cse186/Assignment8/backend/src/routes.js","all":false,"statementMap":{"0":{"start":{"line":1,"column":0},"end":{"line":1,"column":20}},"1":{"start":{"line":2,"column":0},"end":{"line":2,"column":28}},"3":{"start":{"line":4,"column":0},"end":{"line":4,"column":16}},"5":{"start":{"line":6,"column":0},"end":{"line":6,"column":39}},"7":{"start":{"line":8,"column":0},"end":{"line":8,"column":24}},"8":{"start":{"line":9,"column":0},"end":{"line":9,"column":20}},"9":{"start":{"line":10,"column":0},"end":{"line":10,"column":13}},"10":{"start":{"line":11,"column":0},"end":{"line":11,"column":19}},"11":{"start":{"line":12,"column":0},"end":{"line":12,"column":34}},"12":{"start":{"line":13,"column":0},"end":{"line":13,"column":42}},"13":{"start":{"line":14,"column":0},"end":{"line":14,"column":3}},"15":{"start":{"line":16,"column":0},"end":{"line":16,"column":3}},"16":{"start":{"line":17,"column":0},"end":{"line":17,"column":41}},"17":{"start":{"line":18,"column":0},"end":{"line":18,"column":60}},"18":{"start":{"line":19,"column":0},"end":{"line":19,"column":3}},"19":{"start":{"line":20,"column":0},"end":{"line":20,"column":39}},"20":{"start":{"line":21,"column":0},"end":{"line":21,"column":18}},"21":{"start":{"line":22,"column":0},"end":{"line":22,"column":47}},"22":{"start":{"line":23,"column":0},"end":{"line":23,"column":1}},"24":{"start":{"line":25,"column":0},"end":{"line":25,"column":26}},"25":{"start":{"line":26,"column":0},"end":{"line":26,"column":3}},"26":{"start":{"line":27,"column":0},"end":{"line":27,"column":26}},"27":{"start":{"line":28,"column":0},"end":{"line":28,"column":47}},"28":{"start":{"line":29,"column":0},"end":{"line":29,"column":48}},"29":{"start":{"line":30,"column":0},"end":{"line":30,"column":79}},"30":{"start":{"line":31,"column":0},"end":{"line":31,"column":3}},"31":{"start":{"line":32,"column":0},"end":{"line":32,"column":49}},"32":{"start":{"line":33,"column":0},"end":{"line":33,"column":39}},"33":{"start":{"line":34,"column":0},"end":{"line":34,"column":29}},"35":{"start":{"line":36,"column":0},"end":{"line":36,"column":25}},"36":{"start":{"line":37,"column":0},"end":{"line":37,"column":9}},"37":{"start":{"line":38,"column":0},"end":{"line":38,"column":16}},"38":{"start":{"line":39,"column":0},"end":{"line":39,"column":40}},"39":{"start":{"line":40,"column":0},"end":{"line":40,"column":4}},"41":{"start":{"line":42,"column":0},"end":{"line":42,"column":34}},"42":{"start":{"line":43,"column":0},"end":{"line":43,"column":79}},"43":{"start":{"line":44,"column":0},"end":{"line":44,"column":30}},"44":{"start":{"line":45,"column":0},"end":{"line":45,"column":4}},"45":{"start":{"line":46,"column":0},"end":{"line":46,"column":44}},"46":{"start":{"line":47,"column":0},"end":{"line":47,"column":40}},"47":{"start":{"line":48,"column":0},"end":{"line":48,"column":19}},"48":{"start":{"line":49,"column":0},"end":{"line":49,"column":35}},"49":{"start":{"line":50,"column":0},"end":{"line":50,"column":58}},"50":{"start":{"line":51,"column":0},"end":{"line":51,"column":45}},"51":{"start":{"line":52,"column":0},"end":{"line":52,"column":4}},"53":{"start":{"line":54,"column":0},"end":{"line":54,"column":68}},"54":{"start":{"line":55,"column":0},"end":{"line":55,"column":1}},"56":{"start":{"line":57,"column":0},"end":{"line":57,"column":37}},"57":{"start":{"line":58,"column":0},"end":{"line":58,"column":3}},"58":{"start":{"line":59,"column":0},"end":{"line":59,"column":33}},"59":{"start":{"line":60,"column":0},"end":{"line":60,"column":47}},"60":{"start":{"line":61,"column":0},"end":{"line":61,"column":48}},"61":{"start":{"line":62,"column":0},"end":{"line":62,"column":79}},"62":{"start":{"line":63,"column":0},"end":{"line":63,"column":3}},"63":{"start":{"line":64,"column":0},"end":{"line":64,"column":47}},"64":{"start":{"line":65,"column":0},"end":{"line":65,"column":29}},"67":{"start":{"line":68,"column":0},"end":{"line":68,"column":17}},"68":{"start":{"line":69,"column":0},"end":{"line":69,"column":11}},"69":{"start":{"line":70,"column":0},"end":{"line":70,"column":9}},"70":{"start":{"line":71,"column":0},"end":{"line":71,"column":28}},"71":{"start":{"line":72,"column":0},"end":{"line":72,"column":28}},"72":{"start":{"line":73,"column":0},"end":{"line":73,"column":21}},"73":{"start":{"line":74,"column":0},"end":{"line":74,"column":53}},"74":{"start":{"line":75,"column":0},"end":{"line":75,"column":25}},"75":{"start":{"line":76,"column":0},"end":{"line":76,"column":4}},"76":{"start":{"line":77,"column":0},"end":{"line":77,"column":51}},"78":{"start":{"line":79,"column":0},"end":{"line":79,"column":36}},"79":{"start":{"line":80,"column":0},"end":{"line":80,"column":1}},"81":{"start":{"line":82,"column":0},"end":{"line":82,"column":33}},"83":{"start":{"line":84,"column":0},"end":{"line":84,"column":3}},"84":{"start":{"line":85,"column":0},"end":{"line":85,"column":40}},"85":{"start":{"line":86,"column":0},"end":{"line":86,"column":47}},"86":{"start":{"line":87,"column":0},"end":{"line":87,"column":48}},"87":{"start":{"line":88,"column":0},"end":{"line":88,"column":79}},"88":{"start":{"line":89,"column":0},"end":{"line":89,"column":3}},"89":{"start":{"line":90,"column":0},"end":{"line":90,"column":53}},"90":{"start":{"line":91,"column":0},"end":{"line":91,"column":33}},"91":{"start":{"line":92,"column":0},"end":{"line":92,"column":29}},"93":{"start":{"line":94,"column":0},"end":{"line":94,"column":19}},"94":{"start":{"line":95,"column":0},"end":{"line":95,"column":30}},"95":{"start":{"line":96,"column":0},"end":{"line":96,"column":80}},"96":{"start":{"line":97,"column":0},"end":{"line":97,"column":28}},"97":{"start":{"line":98,"column":0},"end":{"line":98,"column":4}},"99":{"start":{"line":100,"column":0},"end":{"line":100,"column":76}},"100":{"start":{"line":101,"column":0},"end":{"line":101,"column":1}},"102":{"start":{"line":103,"column":0},"end":{"line":103,"column":33}},"103":{"start":{"line":104,"column":0},"end":{"line":104,"column":3}},"104":{"start":{"line":105,"column":0},"end":{"line":105,"column":40}},"105":{"start":{"line":106,"column":0},"end":{"line":106,"column":47}},"106":{"start":{"line":107,"column":0},"end":{"line":107,"column":48}},"107":{"start":{"line":108,"column":0},"end":{"line":108,"column":79}},"108":{"start":{"line":109,"column":0},"end":{"line":109,"column":3}},"109":{"start":{"line":110,"column":0},"end":{"line":110,"column":53}},"110":{"start":{"line":111,"column":0},"end":{"line":111,"column":29}},"112":{"start":{"line":113,"column":0},"end":{"line":113,"column":34}},"113":{"start":{"line":114,"column":0},"end":{"line":114,"column":64}},"114":{"start":{"line":115,"column":0},"end":{"line":115,"column":38}},"115":{"start":{"line":116,"column":0},"end":{"line":116,"column":20}},"116":{"start":{"line":117,"column":0},"end":{"line":117,"column":61}},"117":{"start":{"line":118,"column":0},"end":{"line":118,"column":33}},"118":{"start":{"line":119,"column":0},"end":{"line":119,"column":15}},"119":{"start":{"line":120,"column":0},"end":{"line":120,"column":4}},"120":{"start":{"line":121,"column":0},"end":{"line":121,"column":64}},"121":{"start":{"line":122,"column":0},"end":{"line":122,"column":73}},"122":{"start":{"line":123,"column":0},"end":{"line":123,"column":3}},"123":{"start":{"line":124,"column":0},"end":{"line":124,"column":59}},"125":{"start":{"line":126,"column":0},"end":{"line":126,"column":43}},"126":{"start":{"line":127,"column":0},"end":{"line":127,"column":1}},"129":{"start":{"line":130,"column":0},"end":{"line":130,"column":38}},"130":{"start":{"line":131,"column":0},"end":{"line":131,"column":3}},"131":{"start":{"line":132,"column":0},"end":{"line":132,"column":36}},"132":{"start":{"line":133,"column":0},"end":{"line":133,"column":47}},"133":{"start":{"line":134,"column":0},"end":{"line":134,"column":48}},"134":{"start":{"line":135,"column":0},"end":{"line":135,"column":79}},"135":{"start":{"line":136,"column":0},"end":{"line":136,"column":3}},"136":{"start":{"line":137,"column":0},"end":{"line":137,"column":45}},"137":{"start":{"line":138,"column":0},"end":{"line":138,"column":26}},"139":{"start":{"line":140,"column":0},"end":{"line":140,"column":34}},"140":{"start":{"line":141,"column":0},"end":{"line":141,"column":39}},"141":{"start":{"line":142,"column":0},"end":{"line":142,"column":46}},"142":{"start":{"line":143,"column":0},"end":{"line":143,"column":11}},"143":{"start":{"line":144,"column":0},"end":{"line":144,"column":4}},"144":{"start":{"line":145,"column":0},"end":{"line":145,"column":36}},"145":{"start":{"line":146,"column":0},"end":{"line":146,"column":1}},"147":{"start":{"line":148,"column":0},"end":{"line":148,"column":32}},"148":{"start":{"line":149,"column":0},"end":{"line":149,"column":3}},"149":{"start":{"line":150,"column":0},"end":{"line":150,"column":29}},"150":{"start":{"line":151,"column":0},"end":{"line":151,"column":47}},"151":{"start":{"line":152,"column":0},"end":{"line":152,"column":48}},"152":{"start":{"line":153,"column":0},"end":{"line":153,"column":27}},"153":{"start":{"line":154,"column":0},"end":{"line":154,"column":52}},"154":{"start":{"line":155,"column":0},"end":{"line":155,"column":3}},"155":{"start":{"line":156,"column":0},"end":{"line":156,"column":47}},"156":{"start":{"line":157,"column":0},"end":{"line":157,"column":42}},"157":{"start":{"line":158,"column":0},"end":{"line":158,"column":42}},"159":{"start":{"line":160,"column":0},"end":{"line":160,"column":19}},"160":{"start":{"line":161,"column":0},"end":{"line":161,"column":79}},"161":{"start":{"line":162,"column":0},"end":{"line":162,"column":19}},"162":{"start":{"line":163,"column":0},"end":{"line":163,"column":4}},"164":{"start":{"line":165,"column":0},"end":{"line":165,"column":66}},"165":{"start":{"line":166,"column":0},"end":{"line":166,"column":1}},"167":{"start":{"line":168,"column":0},"end":{"line":168,"column":35}},"168":{"start":{"line":169,"column":0},"end":{"line":169,"column":3}},"169":{"start":{"line":170,"column":0},"end":{"line":170,"column":33}},"170":{"start":{"line":171,"column":0},"end":{"line":171,"column":47}},"171":{"start":{"line":172,"column":0},"end":{"line":172,"column":48}},"172":{"start":{"line":173,"column":0},"end":{"line":173,"column":79}},"173":{"start":{"line":174,"column":0},"end":{"line":174,"column":3}},"174":{"start":{"line":175,"column":0},"end":{"line":175,"column":42}},"175":{"start":{"line":176,"column":0},"end":{"line":176,"column":42}},"177":{"start":{"line":178,"column":0},"end":{"line":178,"column":34}},"178":{"start":{"line":179,"column":0},"end":{"line":179,"column":44}},"179":{"start":{"line":180,"column":0},"end":{"line":180,"column":44}},"180":{"start":{"line":181,"column":0},"end":{"line":181,"column":30}},"181":{"start":{"line":182,"column":0},"end":{"line":182,"column":40}},"182":{"start":{"line":183,"column":0},"end":{"line":183,"column":35}},"183":{"start":{"line":184,"column":0},"end":{"line":184,"column":11}},"184":{"start":{"line":185,"column":0},"end":{"line":185,"column":4}},"186":{"start":{"line":187,"column":0},"end":{"line":187,"column":36}},"187":{"start":{"line":188,"column":0},"end":{"line":188,"column":1}},"189":{"start":{"line":190,"column":0},"end":{"line":190,"column":3}},"190":{"start":{"line":191,"column":0},"end":{"line":191,"column":38}},"191":{"start":{"line":192,"column":0},"end":{"line":192,"column":47}},"192":{"start":{"line":193,"column":0},"end":{"line":193,"column":48}},"193":{"start":{"line":194,"column":0},"end":{"line":194,"column":71}},"194":{"start":{"line":195,"column":0},"end":{"line":195,"column":3}},"195":{"start":{"line":196,"column":0},"end":{"line":196,"column":52}},"196":{"start":{"line":197,"column":0},"end":{"line":197,"column":41}},"198":{"start":{"line":199,"column":0},"end":{"line":199,"column":35}},"199":{"start":{"line":200,"column":0},"end":{"line":200,"column":41}},"200":{"start":{"line":201,"column":0},"end":{"line":201,"column":45}},"201":{"start":{"line":202,"column":0},"end":{"line":202,"column":18}},"202":{"start":{"line":203,"column":0},"end":{"line":203,"column":4}},"204":{"start":{"line":205,"column":0},"end":{"line":205,"column":40}},"205":{"start":{"line":206,"column":0},"end":{"line":206,"column":62}},"206":{"start":{"line":207,"column":0},"end":{"line":207,"column":3}},"208":{"start":{"line":209,"column":0},"end":{"line":209,"column":33}},"209":{"start":{"line":210,"column":0},"end":{"line":210,"column":34}},"210":{"start":{"line":211,"column":0},"end":{"line":211,"column":69}},"211":{"start":{"line":212,"column":0},"end":{"line":212,"column":24}},"212":{"start":{"line":213,"column":0},"end":{"line":213,"column":41}},"213":{"start":{"line":214,"column":0},"end":{"line":214,"column":32}},"214":{"start":{"line":215,"column":0},"end":{"line":215,"column":44}},"215":{"start":{"line":216,"column":0},"end":{"line":216,"column":18}},"216":{"start":{"line":217,"column":0},"end":{"line":217,"column":4}},"218":{"start":{"line":219,"column":0},"end":{"line":219,"column":39}},"219":{"start":{"line":220,"column":0},"end":{"line":220,"column":46}},"220":{"start":{"line":221,"column":0},"end":{"line":221,"column":15}},"221":{"start":{"line":222,"column":0},"end":{"line":222,"column":30}},"222":{"start":{"line":223,"column":0},"end":{"line":223,"column":28}},"223":{"start":{"line":224,"column":0},"end":{"line":224,"column":34}},"224":{"start":{"line":225,"column":0},"end":{"line":225,"column":24}},"225":{"start":{"line":226,"column":0},"end":{"line":226,"column":6}},"227":{"start":{"line":228,"column":0},"end":{"line":228,"column":33}},"228":{"start":{"line":229,"column":0},"end":{"line":229,"column":1}},"230":{"start":{"line":231,"column":0},"end":{"line":231,"column":3}},"231":{"start":{"line":232,"column":0},"end":{"line":232,"column":40}},"232":{"start":{"line":233,"column":0},"end":{"line":233,"column":47}},"233":{"start":{"line":234,"column":0},"end":{"line":234,"column":48}},"234":{"start":{"line":235,"column":0},"end":{"line":235,"column":66}},"235":{"start":{"line":236,"column":0},"end":{"line":236,"column":3}},"236":{"start":{"line":237,"column":0},"end":{"line":237,"column":47}},"237":{"start":{"line":238,"column":0},"end":{"line":238,"column":29}},"238":{"start":{"line":239,"column":0},"end":{"line":239,"column":40}},"240":{"start":{"line":241,"column":0},"end":{"line":241,"column":35}},"241":{"start":{"line":242,"column":0},"end":{"line":242,"column":38}},"242":{"start":{"line":243,"column":0},"end":{"line":243,"column":42}},"243":{"start":{"line":244,"column":0},"end":{"line":244,"column":20}},"244":{"start":{"line":245,"column":0},"end":{"line":245,"column":4}},"246":{"start":{"line":247,"column":0},"end":{"line":247,"column":37}},"247":{"start":{"line":248,"column":0},"end":{"line":248,"column":59}},"248":{"start":{"line":249,"column":0},"end":{"line":249,"column":3}},"250":{"start":{"line":251,"column":0},"end":{"line":251,"column":39}},"251":{"start":{"line":252,"column":0},"end":{"line":252,"column":34}},"252":{"start":{"line":253,"column":0},"end":{"line":253,"column":56}},"253":{"start":{"line":254,"column":0},"end":{"line":254,"column":49}},"254":{"start":{"line":255,"column":0},"end":{"line":255,"column":49}},"255":{"start":{"line":256,"column":0},"end":{"line":256,"column":19}},"256":{"start":{"line":257,"column":0},"end":{"line":257,"column":45}},"257":{"start":{"line":258,"column":0},"end":{"line":258,"column":47}},"258":{"start":{"line":259,"column":0},"end":{"line":259,"column":56}},"259":{"start":{"line":260,"column":0},"end":{"line":260,"column":56}},"260":{"start":{"line":261,"column":0},"end":{"line":261,"column":44}},"261":{"start":{"line":262,"column":0},"end":{"line":262,"column":28}},"262":{"start":{"line":263,"column":0},"end":{"line":263,"column":4}},"264":{"start":{"line":265,"column":0},"end":{"line":265,"column":39}},"265":{"start":{"line":266,"column":0},"end":{"line":266,"column":45}},"266":{"start":{"line":267,"column":0},"end":{"line":267,"column":55}},"267":{"start":{"line":268,"column":0},"end":{"line":268,"column":12}},"268":{"start":{"line":269,"column":0},"end":{"line":269,"column":17}},"269":{"start":{"line":270,"column":0},"end":{"line":270,"column":32}},"270":{"start":{"line":271,"column":0},"end":{"line":271,"column":58}},"271":{"start":{"line":272,"column":0},"end":{"line":272,"column":36}},"272":{"start":{"line":273,"column":0},"end":{"line":273,"column":28}},"273":{"start":{"line":274,"column":0},"end":{"line":274,"column":6}},"274":{"start":{"line":275,"column":0},"end":{"line":275,"column":5}},"276":{"start":{"line":277,"column":0},"end":{"line":277,"column":33}},"277":{"start":{"line":278,"column":0},"end":{"line":278,"column":1}},"279":{"start":{"line":280,"column":0},"end":{"line":280,"column":3}},"280":{"start":{"line":281,"column":0},"end":{"line":281,"column":39}},"281":{"start":{"line":282,"column":0},"end":{"line":282,"column":47}},"282":{"start":{"line":283,"column":0},"end":{"line":283,"column":48}},"283":{"start":{"line":284,"column":0},"end":{"line":284,"column":74}},"284":{"start":{"line":285,"column":0},"end":{"line":285,"column":3}},"285":{"start":{"line":286,"column":0},"end":{"line":286,"column":52}},"286":{"start":{"line":287,"column":0},"end":{"line":287,"column":29}},"287":{"start":{"line":288,"column":0},"end":{"line":288,"column":41}},"288":{"start":{"line":289,"column":0},"end":{"line":289,"column":29}},"290":{"start":{"line":291,"column":0},"end":{"line":291,"column":35}},"291":{"start":{"line":292,"column":0},"end":{"line":292,"column":41}},"292":{"start":{"line":293,"column":0},"end":{"line":293,"column":45}},"293":{"start":{"line":294,"column":0},"end":{"line":294,"column":18}},"294":{"start":{"line":295,"column":0},"end":{"line":295,"column":4}},"296":{"start":{"line":297,"column":0},"end":{"line":297,"column":40}},"297":{"start":{"line":298,"column":0},"end":{"line":298,"column":62}},"298":{"start":{"line":299,"column":0},"end":{"line":299,"column":3}},"300":{"start":{"line":301,"column":0},"end":{"line":301,"column":24}},"301":{"start":{"line":302,"column":0},"end":{"line":302,"column":23}},"302":{"start":{"line":303,"column":0},"end":{"line":303,"column":21}},"303":{"start":{"line":304,"column":0},"end":{"line":304,"column":40}},"304":{"start":{"line":305,"column":0},"end":{"line":305,"column":4}},"306":{"start":{"line":307,"column":0},"end":{"line":307,"column":23}},"307":{"start":{"line":308,"column":0},"end":{"line":308,"column":34}},"308":{"start":{"line":309,"column":0},"end":{"line":309,"column":55}},"309":{"start":{"line":310,"column":0},"end":{"line":310,"column":43}},"310":{"start":{"line":311,"column":0},"end":{"line":311,"column":39}},"311":{"start":{"line":312,"column":0},"end":{"line":312,"column":4}},"313":{"start":{"line":314,"column":0},"end":{"line":314,"column":31}},"314":{"start":{"line":315,"column":0},"end":{"line":315,"column":38}},"315":{"start":{"line":316,"column":0},"end":{"line":316,"column":64}},"316":{"start":{"line":317,"column":0},"end":{"line":317,"column":15}},"317":{"start":{"line":318,"column":0},"end":{"line":318,"column":4}},"319":{"start":{"line":320,"column":0},"end":{"line":320,"column":38}},"320":{"start":{"line":321,"column":0},"end":{"line":321,"column":45}},"322":{"start":{"line":323,"column":0},"end":{"line":323,"column":31}},"323":{"start":{"line":324,"column":0},"end":{"line":324,"column":24}},"324":{"start":{"line":325,"column":0},"end":{"line":325,"column":18}},"325":{"start":{"line":326,"column":0},"end":{"line":326,"column":33}},"326":{"start":{"line":327,"column":0},"end":{"line":327,"column":23}},"327":{"start":{"line":328,"column":0},"end":{"line":328,"column":37}},"328":{"start":{"line":329,"column":0},"end":{"line":329,"column":19}},"329":{"start":{"line":330,"column":0},"end":{"line":330,"column":5}},"330":{"start":{"line":331,"column":0},"end":{"line":331,"column":1}},"332":{"start":{"line":333,"column":0},"end":{"line":333,"column":3}},"333":{"start":{"line":334,"column":0},"end":{"line":334,"column":40}},"334":{"start":{"line":335,"column":0},"end":{"line":335,"column":47}},"335":{"start":{"line":336,"column":0},"end":{"line":336,"column":48}},"336":{"start":{"line":337,"column":0},"end":{"line":337,"column":74}},"337":{"start":{"line":338,"column":0},"end":{"line":338,"column":3}},"338":{"start":{"line":339,"column":0},"end":{"line":339,"column":47}},"339":{"start":{"line":340,"column":0},"end":{"line":340,"column":31}},"340":{"start":{"line":341,"column":0},"end":{"line":341,"column":39}},"341":{"start":{"line":342,"column":0},"end":{"line":342,"column":29}},"343":{"start":{"line":344,"column":0},"end":{"line":344,"column":38}},"344":{"start":{"line":345,"column":0},"end":{"line":345,"column":38}},"345":{"start":{"line":346,"column":0},"end":{"line":346,"column":42}},"346":{"start":{"line":347,"column":0},"end":{"line":347,"column":19}},"347":{"start":{"line":348,"column":0},"end":{"line":348,"column":4}},"349":{"start":{"line":350,"column":0},"end":{"line":350,"column":37}},"350":{"start":{"line":351,"column":0},"end":{"line":351,"column":59}},"351":{"start":{"line":352,"column":0},"end":{"line":352,"column":3}},"353":{"start":{"line":354,"column":0},"end":{"line":354,"column":24}},"354":{"start":{"line":355,"column":0},"end":{"line":355,"column":23}},"355":{"start":{"line":356,"column":0},"end":{"line":356,"column":21}},"356":{"start":{"line":357,"column":0},"end":{"line":357,"column":40}},"357":{"start":{"line":358,"column":0},"end":{"line":358,"column":4}},"359":{"start":{"line":360,"column":0},"end":{"line":360,"column":30}},"360":{"start":{"line":361,"column":0},"end":{"line":361,"column":34}},"361":{"start":{"line":362,"column":0},"end":{"line":362,"column":53}},"362":{"start":{"line":363,"column":0},"end":{"line":363,"column":43}},"363":{"start":{"line":364,"column":0},"end":{"line":364,"column":42}},"364":{"start":{"line":365,"column":0},"end":{"line":365,"column":4}},"366":{"start":{"line":367,"column":0},"end":{"line":367,"column":31}},"367":{"start":{"line":368,"column":0},"end":{"line":368,"column":40}},"368":{"start":{"line":369,"column":0},"end":{"line":369,"column":64}},"369":{"start":{"line":370,"column":0},"end":{"line":370,"column":17}},"370":{"start":{"line":371,"column":0},"end":{"line":371,"column":4}},"372":{"start":{"line":373,"column":0},"end":{"line":373,"column":38}},"373":{"start":{"line":374,"column":0},"end":{"line":374,"column":47}},"375":{"start":{"line":376,"column":0},"end":{"line":376,"column":31}},"376":{"start":{"line":377,"column":0},"end":{"line":377,"column":24}},"377":{"start":{"line":378,"column":0},"end":{"line":378,"column":18}},"378":{"start":{"line":379,"column":0},"end":{"line":379,"column":33}},"379":{"start":{"line":380,"column":0},"end":{"line":380,"column":23}},"380":{"start":{"line":381,"column":0},"end":{"line":381,"column":37}},"381":{"start":{"line":382,"column":0},"end":{"line":382,"column":21}},"382":{"start":{"line":383,"column":0},"end":{"line":383,"column":5}},"383":{"start":{"line":384,"column":0},"end":{"line":384,"column":1}}},"s":{"0":1,"1":1,"3":1,"5":1,"7":1,"8":1,"9":1,"10":1,"11":1,"12":1,"13":1,"15":1,"16":1,"17":1,"18":1,"19":1,"20":1,"21":1,"22":1,"24":1,"25":1,"26":1,"27":1,"28":1,"29":1,"30":1,"31":1,"32":5,"33":5,"35":5,"36":5,"37":5,"38":5,"39":5,"41":5,"42":5,"43":5,"44":5,"45":5,"46":5,"47":5,"48":5,"49":5,"50":5,"51":5,"53":5,"54":5,"56":1,"57":1,"58":1,"59":1,"60":1,"61":1,"62":1,"63":1,"64":7,"67":7,"68":7,"69":7,"70":7,"71":7,"72":7,"73":7,"74":7,"75":7,"76":7,"78":7,"79":7,"81":1,"83":1,"84":1,"85":1,"86":1,"87":1,"88":1,"89":1,"90":2,"91":2,"93":2,"94":2,"95":2,"96":2,"97":2,"99":2,"100":2,"102":1,"103":1,"104":1,"105":1,"106":1,"107":1,"108":1,"109":1,"110":2,"112":2,"113":2,"114":2,"115":2,"116":2,"117":2,"118":2,"119":2,"120":2,"121":1,"122":1,"123":1,"125":1,"126":1,"129":1,"130":1,"131":1,"132":1,"133":1,"134":1,"135":1,"136":1,"137":2,"139":2,"140":2,"141":2,"142":2,"143":2,"144":2,"145":2,"147":1,"148":1,"149":1,"150":1,"151":1,"152":1,"153":1,"154":1,"155":1,"156":1,"157":1,"159":1,"160":1,"161":1,"162":1,"164":1,"165":1,"167":1,"168":1,"169":1,"170":1,"171":1,"172":1,"173":1,"174":1,"175":1,"177":1,"178":1,"179":1,"180":1,"181":1,"182":1,"183":1,"184":1,"186":1,"187":1,"189":1,"190":1,"191":1,"192":1,"193":1,"194":1,"195":1,"196":3,"198":3,"199":3,"200":3,"201":3,"202":3,"204":3,"205":1,"206":1,"208":2,"209":2,"210":2,"211":2,"212":2,"213":2,"214":2,"215":2,"216":2,"218":2,"219":2,"220":5,"221":5,"222":5,"223":5,"224":5,"225":2,"227":2,"228":2,"230":1,"231":1,"232":1,"233":1,"234":1,"235":1,"236":1,"237":3,"238":3,"240":3,"241":3,"242":3,"243":3,"244":3,"246":3,"247":1,"248":1,"250":2,"251":2,"252":2,"253":2,"254":2,"255":2,"256":2,"257":2,"258":2,"259":2,"260":2,"261":2,"262":2,"264":2,"265":2,"266":5,"267":5,"268":5,"269":5,"270":5,"271":5,"272":5,"273":5,"274":2,"276":2,"277":2,"279":1,"280":1,"281":1,"282":1,"283":1,"284":1,"285":1,"286":2,"287":2,"288":2,"290":2,"291":2,"292":2,"293":2,"294":2,"296":2,"297":1,"298":1,"300":1,"301":1,"302":1,"303":1,"304":1,"306":1,"307":1,"308":1,"309":1,"310":1,"311":1,"313":1,"314":1,"315":1,"316":1,"317":1,"319":1,"320":1,"322":1,"323":1,"324":1,"325":1,"326":1,"327":1,"328":1,"329":1,"330":1,"332":1,"333":1,"334":1,"335":1,"336":1,"337":1,"338":1,"339":2,"340":2,"341":2,"343":2,"344":2,"345":2,"346":2,"347":2,"349":2,"350":1,"351":1,"353":1,"354":1,"355":1,"356":1,"357":1,"359":1,"360":1,"361":1,"362":1,"363":1,"364":1,"366":1,"367":1,"368":1,"369":1,"370":1,"372":1,"373":1,"375":1,"376":1,"377":1,"378":1,"379":1,"380":1,"381":1,"382":1,"383":1},"branchMap":{"0":{"type":"branch","line":20,"loc":{"start":{"line":20,"column":7},"end":{"line":23,"column":1}},"locations":[{"start":{"line":20,"column":7},"end":{"line":23,"column":1}}]},"1":{"type":"branch","line":32,"loc":{"start":{"line":32,"column":7},"end":{"line":55,"column":1}},"locations":[{"start":{"line":32,"column":7},"end":{"line":55,"column":1}}]},"2":{"type":"branch","line":64,"loc":{"start":{"line":64,"column":7},"end":{"line":80,"column":1}},"locations":[{"start":{"line":64,"column":7},"end":{"line":80,"column":1}}]},"3":{"type":"branch","line":90,"loc":{"start":{"line":90,"column":7},"end":{"line":101,"column":1}},"locations":[{"start":{"line":90,"column":7},"end":{"line":101,"column":1}}]},"4":{"type":"branch","line":110,"loc":{"start":{"line":110,"column":7},"end":{"line":127,"column":1}},"locations":[{"start":{"line":110,"column":7},"end":{"line":127,"column":1}}]},"5":{"type":"branch","line":121,"loc":{"start":{"line":121,"column":63},"end":{"line":127,"column":1}},"locations":[{"start":{"line":121,"column":63},"end":{"line":127,"column":1}}]},"6":{"type":"branch","line":137,"loc":{"start":{"line":137,"column":7},"end":{"line":146,"column":1}},"locations":[{"start":{"line":137,"column":7},"end":{"line":146,"column":1}}]},"7":{"type":"branch","line":156,"loc":{"start":{"line":156,"column":7},"end":{"line":166,"column":1}},"locations":[{"start":{"line":156,"column":7},"end":{"line":166,"column":1}}]},"8":{"type":"branch","line":175,"loc":{"start":{"line":175,"column":7},"end":{"line":188,"column":1}},"locations":[{"start":{"line":175,"column":7},"end":{"line":188,"column":1}}]},"9":{"type":"branch","line":196,"loc":{"start":{"line":196,"column":7},"end":{"line":229,"column":1}},"locations":[{"start":{"line":196,"column":7},"end":{"line":229,"column":1}}]},"10":{"type":"branch","line":205,"loc":{"start":{"line":205,"column":39},"end":{"line":207,"column":3}},"locations":[{"start":{"line":205,"column":39},"end":{"line":207,"column":3}}]},"11":{"type":"branch","line":207,"loc":{"start":{"line":207,"column":2},"end":{"line":229,"column":1}},"locations":[{"start":{"line":207,"column":2},"end":{"line":229,"column":1}}]},"12":{"type":"branch","line":220,"loc":{"start":{"line":220,"column":35},"end":{"line":226,"column":4}},"locations":[{"start":{"line":220,"column":35},"end":{"line":226,"column":4}}]},"13":{"type":"branch","line":237,"loc":{"start":{"line":237,"column":7},"end":{"line":278,"column":1}},"locations":[{"start":{"line":237,"column":7},"end":{"line":278,"column":1}}]},"14":{"type":"branch","line":247,"loc":{"start":{"line":247,"column":36},"end":{"line":249,"column":3}},"locations":[{"start":{"line":247,"column":36},"end":{"line":249,"column":3}}]},"15":{"type":"branch","line":249,"loc":{"start":{"line":249,"column":2},"end":{"line":278,"column":1}},"locations":[{"start":{"line":249,"column":2},"end":{"line":278,"column":1}}]},"16":{"type":"branch","line":266,"loc":{"start":{"line":266,"column":35},"end":{"line":275,"column":3}},"locations":[{"start":{"line":266,"column":35},"end":{"line":275,"column":3}}]},"17":{"type":"branch","line":271,"loc":{"start":{"line":271,"column":32},"end":{"line":271,"column":39}},"locations":[{"start":{"line":271,"column":32},"end":{"line":271,"column":39}}]},"18":{"type":"branch","line":271,"loc":{"start":{"line":271,"column":40},"end":{"line":271,"column":57}},"locations":[{"start":{"line":271,"column":40},"end":{"line":271,"column":57}}]},"19":{"type":"branch","line":286,"loc":{"start":{"line":286,"column":7},"end":{"line":331,"column":1}},"locations":[{"start":{"line":286,"column":7},"end":{"line":331,"column":1}}]},"20":{"type":"branch","line":297,"loc":{"start":{"line":297,"column":39},"end":{"line":331,"column":1}},"locations":[{"start":{"line":297,"column":39},"end":{"line":331,"column":1}}]},"21":{"type":"branch","line":339,"loc":{"start":{"line":339,"column":7},"end":{"line":384,"column":1}},"locations":[{"start":{"line":339,"column":7},"end":{"line":384,"column":1}}]},"22":{"type":"branch","line":350,"loc":{"start":{"line":350,"column":36},"end":{"line":384,"column":1}},"locations":[{"start":{"line":350,"column":36},"end":{"line":384,"column":1}}]}},"b":{"0":[1],"1":[5],"2":[7],"3":[2],"4":[2],"5":[1],"6":[2],"7":[1],"8":[1],"9":[3],"10":[1],"11":[2],"12":[5],"13":[3],"14":[1],"15":[2],"16":[5],"17":[3],"18":[2],"19":[2],"20":[1],"21":[2],"22":[1]},"fnMap":{"0":{"name":"setTestPool","decl":{"start":{"line":20,"column":7},"end":{"line":23,"column":1}},"loc":{"start":{"line":20,"column":7},"end":{"line":23,"column":1}},"line":20},"1":{"name":"createWorkspace","decl":{"start":{"line":32,"column":7},"end":{"line":55,"column":1}},"loc":{"start":{"line":32,"column":7},"end":{"line":55,"column":1}},"line":32},"2":{"name":"getWorkspaces","decl":{"start":{"line":64,"column":7},"end":{"line":80,"column":1}},"loc":{"start":{"line":64,"column":7},"end":{"line":80,"column":1}},"line":64},"3":{"name":"setCurrentWorkspace","decl":{"start":{"line":90,"column":7},"end":{"line":101,"column":1}},"loc":{"start":{"line":90,"column":7},"end":{"line":101,"column":1}},"line":90},"4":{"name":"getCurrentWorkspace","decl":{"start":{"line":110,"column":7},"end":{"line":127,"column":1}},"loc":{"start":{"line":110,"column":7},"end":{"line":127,"column":1}},"line":110},"5":{"name":"getChannels","decl":{"start":{"line":137,"column":7},"end":{"line":146,"column":1}},"loc":{"start":{"line":137,"column":7},"end":{"line":146,"column":1}},"line":137},"6":{"name":"createChannel","decl":{"start":{"line":156,"column":7},"end":{"line":166,"column":1}},"loc":{"start":{"line":156,"column":7},"end":{"line":166,"column":1}},"line":156},"7":{"name":"getUsers","decl":{"start":{"line":175,"column":7},"end":{"line":188,"column":1}},"loc":{"start":{"line":175,"column":7},"end":{"line":188,"column":1}},"line":175},"8":{"name":"getChannelMessages","decl":{"start":{"line":196,"column":7},"end":{"line":229,"column":1}},"loc":{"start":{"line":196,"column":7},"end":{"line":229,"column":1}},"line":196},"9":{"name":"getDMMessages","decl":{"start":{"line":237,"column":7},"end":{"line":278,"column":1}},"loc":{"start":{"line":237,"column":7},"end":{"line":278,"column":1}},"line":237},"10":{"name":"sendChannelMessage","decl":{"start":{"line":286,"column":7},"end":{"line":331,"column":1}},"loc":{"start":{"line":286,"column":7},"end":{"line":331,"column":1}},"line":286},"11":{"name":"sendDMMessage","decl":{"start":{"line":339,"column":7},"end":{"line":384,"column":1}},"loc":{"start":{"line":339,"column":7},"end":{"line":384,"column":1}},"line":339}},"f":{"0":1,"1":5,"2":7,"3":2,"4":2,"5":2,"6":1,"7":1,"8":3,"9":3,"10":2,"11":2}}
}
